TN:
SF:src\server.ts
FN:15,getServerEntry
FN:18,(anonymous_1)
FN:24,brandedErrorResponse
FN:31,isCatastrophicSsrErrorBody
FN:45,(anonymous_4)
FN:58,normalizeCatastrophicSsrResponse
FN:72,resolveWorkerEnv
FN:86,(anonymous_7)
FNF:8
FNH:0
FNDA:0,getServerEntry
FNDA:0,(anonymous_1)
FNDA:0,brandedErrorResponse
FNDA:0,isCatastrophicSsrErrorBody
FNDA:0,(anonymous_4)
FNDA:0,normalizeCatastrophicSsrResponse
FNDA:0,resolveWorkerEnv
FNDA:0,(anonymous_7)
DA:16,0
DA:17,0
DA:18,0
DA:21,0
DA:25,0
DA:33,0
DA:34,0
DA:36,0
DA:39,0
DA:40,0
DA:43,0
DA:44,0
DA:45,0
DA:46,0
DA:49,0
DA:59,0
DA:60,0
DA:61,0
DA:63,0
DA:64,0
DA:65,0
DA:68,0
DA:69,0
DA:74,0
DA:75,0
DA:80,0
DA:81,0
DA:82,0
DA:87,0
DA:89,0
DA:90,0
DA:91,0
DA:92,0
DA:96,0
DA:97,0
DA:98,0
DA:100,0
DA:101,0
DA:102,0
DA:104,0
DA:105,0
DA:106,0
DA:107,0
DA:109,0
DA:110,0
DA:111,0
DA:112,0
DA:114,0
DA:118,0
DA:119,0
DA:120,0
DA:122,0
DA:123,0
DA:124,0
DA:127,0
DA:128,0
DA:133,0
DA:134,0
DA:137,0
DA:138,0
DA:142,0
DA:143,0
DA:144,0
DA:146,0
DA:147,0
LF:65
LH:0
BRDA:16,0,0,0
BRDA:16,0,1,0
BRDA:18,1,0,0
BRDA:18,1,1,0
BRDA:39,2,0,0
BRDA:39,2,1,0
BRDA:39,3,0,0
BRDA:39,3,1,0
BRDA:39,3,2,0
BRDA:45,4,0,0
BRDA:45,4,1,0
BRDA:50,5,0,0
BRDA:50,5,1,0
BRDA:50,5,2,0
BRDA:50,5,3,0
BRDA:59,6,0,0
BRDA:59,6,1,0
BRDA:60,7,0,0
BRDA:60,7,1,0
BRDA:61,8,0,0
BRDA:61,8,1,0
BRDA:64,9,0,0
BRDA:64,9,1,0
BRDA:68,10,0,0
BRDA:68,10,1,0
BRDA:74,11,0,0
BRDA:74,11,1,0
BRDA:74,12,0,0
BRDA:74,12,1,0
BRDA:80,13,0,0
BRDA:80,13,1,0
BRDA:80,14,0,0
BRDA:80,14,1,0
BRDA:80,15,0,0
BRDA:80,15,1,0
BRDA:89,16,0,0
BRDA:89,16,1,0
BRDA:89,17,0,0
BRDA:89,17,1,0
BRDA:91,18,0,0
BRDA:91,18,1,0
BRDA:97,19,0,0
BRDA:97,19,1,0
BRDA:100,20,0,0
BRDA:100,20,1,0
BRDA:100,21,0,0
BRDA:100,21,1,0
BRDA:104,22,0,0
BRDA:104,22,1,0
BRDA:104,23,0,0
BRDA:104,23,1,0
BRDA:109,24,0,0
BRDA:109,24,1,0
BRDA:109,25,0,0
BRDA:109,25,1,0
BRDA:114,26,0,0
BRDA:114,26,1,0
BRDA:115,27,0,0
BRDA:115,27,1,0
BRDA:115,27,2,0
BRDA:122,28,0,0
BRDA:122,28,1,0
BRDA:133,29,0,0
BRDA:133,29,1,0
BRF:64
BRH:0
end_of_record
TN:
SF:src\vite-env.d.ts
FNF:0
FNH:0
LF:0
LH:0
BRF:0
BRH:0
end_of_record
TN:
SF:src\components\AdminAccessGate.tsx
FN:15,AdminAccessGate
FN:20,(anonymous_1)
FNF:2
FNH:0
FNDA:0,AdminAccessGate
FNDA:0,(anonymous_1)
DA:16,0
DA:17,0
DA:18,0
DA:20,0
DA:21,0
DA:22,0
DA:23,0
DA:27,0
DA:29,0
DA:30,0
DA:69,0
LF:11
LH:0
BRDA:21,0,0,0
BRDA:21,0,1,0
BRDA:22,1,0,0
BRDA:22,1,1,0
BRDA:27,2,0,0
BRDA:27,2,1,0
BRDA:27,3,0,0
BRDA:27,3,1,0
BRDA:29,4,0,0
BRDA:29,4,1,0
BRDA:44,5,0,0
BRDA:44,5,1,0
BRF:12
BRH:0
end_of_record
TN:
SF:src\components\AdminContentPublishingLinks.tsx
FN:8,AdminContentPublishingLinks
FN:24,(anonymous_1)
FNF:2
FNH:0
FNDA:0,AdminContentPublishingLinks
FNDA:0,(anonymous_1)
DA:9,0
DA:25,0
DA:26,0
LF:3
LH:0
BRF:0
BRH:0
end_of_record
TN:
SF:src\components\AdminNavDropdown.tsx
FN:34,AdminNavLinkItem
FN:51,AdminNavSubMenu
FN:68,(anonymous_2)
FN:76,AdminNavDropdown
FN:130,(anonymous_4)
FN:141,(anonymous_5)
FNF:6
FNH:0
FNDA:0,AdminNavLinkItem
FNDA:0,AdminNavSubMenu
FNDA:0,(anonymous_2)
FNDA:0,AdminNavDropdown
FNDA:0,(anonymous_4)
FNDA:0,(anonymous_5)
DA:28,0
DA:35,0
DA:36,0
DA:52,0
DA:53,0
DA:69,0
DA:78,0
DA:107,0
DA:131,0
DA:142,0
LF:10
LH:0
BRDA:58,0,0,0
BRDA:58,0,1,0
BRDA:63,1,0,0
BRDA:63,1,1,0
BRDA:69,2,0,0
BRDA:69,2,1,0
BRDA:76,3,0,0
BRDA:78,4,0,0
BRDA:78,4,1,0
BRDA:87,5,0,0
BRDA:87,5,1,0
BRDA:95,6,0,0
BRDA:95,6,1,0
BRDA:131,7,0,0
BRDA:131,7,1,0
BRF:15
BRH:0
end_of_record
TN:
SF:src\components\AdminNotificationsBell.tsx
FN:22,AdminNotificationsBell
FN:27,(anonymous_1)
FN:36,(anonymous_2)
FN:42,(anonymous_3)
FN:47,(anonymous_4)
FN:51,(anonymous_5)
FN:58,(anonymous_6)
FN:60,(anonymous_7)
FN:69,(anonymous_8)
FN:70,(anonymous_9)
FN:70,(anonymous_10)
FN:80,(anonymous_11)
FN:126,(anonymous_12)
FN:146,(anonymous_13)
FN:156,(anonymous_14)
FNF:15
FNH:0
FNDA:0,AdminNotificationsBell
FNDA:0,(anonymous_1)
FNDA:0,(anonymous_2)
FNDA:0,(anonymous_3)
FNDA:0,(anonymous_4)
FNDA:0,(anonymous_5)
FNDA:0,(anonymous_6)
FNDA:0,(anonymous_7)
FNDA:0,(anonymous_8)
FNDA:0,(anonymous_9)
FNDA:0,(anonymous_10)
FNDA:0,(anonymous_11)
FNDA:0,(anonymous_12)
FNDA:0,(anonymous_13)
FNDA:0,(anonymous_14)
DA:23,0
DA:24,0
DA:25,0
DA:27,0
DA:28,0
DA:33,0
DA:36,0
DA:37,0
DA:38,0
DA:40,0
DA:43,0
DA:47,0
DA:48,0
DA:51,0
DA:52,0
DA:53,0
DA:54,0
DA:58,0
DA:60,0
DA:61,0
DA:65,0
DA:66,0
DA:69,0
DA:70,0
DA:71,0
DA:72,0
DA:76,0
DA:77,0
DA:80,0
DA:81,0
DA:82,0
DA:83,0
DA:86,0
DA:88,0
DA:127,0
DA:146,0
DA:156,0
LF:37
LH:0
BRDA:22,0,0,0
BRDA:33,1,0,0
BRDA:33,1,1,0
BRDA:33,2,0,0
BRDA:33,2,1,0
BRDA:43,3,0,0
BRDA:43,3,1,0
BRDA:48,4,0,0
BRDA:48,4,1,0
BRDA:65,5,0,0
BRDA:65,5,1,0
BRDA:71,6,0,0
BRDA:71,6,1,0
BRDA:76,7,0,0
BRDA:76,7,1,0
BRDA:82,8,0,0
BRDA:82,8,1,0
BRDA:93,9,0,0
BRDA:93,9,1,0
BRDA:95,10,0,0
BRDA:95,10,1,0
BRDA:102,11,0,0
BRDA:102,11,1,0
BRDA:104,12,0,0
BRDA:104,12,1,0
BRDA:122,13,0,0
BRDA:122,13,1,0
BRDA:127,14,0,0
BRDA:127,14,1,0
BRDA:131,15,0,0
BRDA:131,15,1,0
BRDA:141,16,0,0
BRDA:141,16,1,0
BRF:33
BRH:0
end_of_record
TN:
SF:src\components\AdminScenariosTable.tsx
FN:80,SortIndicator
FN:97,AdminScenarioHeaderFilter
FN:111,(anonymous_2)
FN:112,(anonymous_3)
FN:112,(anonymous_4)
FN:115,(anonymous_5)
FN:118,(anonymous_6)
FN:121,(anonymous_7)
FN:124,(anonymous_8)
FN:133,(anonymous_9)
FN:141,(anonymous_10)
FN:150,(anonymous_11)
FN:154,(anonymous_12)
FN:164,(anonymous_13)
FN:168,(anonymous_14)
FN:182,(anonymous_15)
FN:189,(anonymous_16)
FN:193,(anonymous_17)
FN:198,(anonymous_18)
FN:213,AdminScenariosTable
FN:232,(anonymous_20)
FN:236,(anonymous_21)
FN:248,(anonymous_22)
FN:253,(anonymous_23)
FN:257,(anonymous_24)
FN:279,(anonymous_25)
FN:305,(anonymous_26)
FN:315,(anonymous_27)
FN:316,(anonymous_28)
FN:326,(anonymous_29)
FN:362,(anonymous_30)
FN:419,(anonymous_31)
FN:426,(anonymous_32)
FN:440,(anonymous_33)
FNF:34
FNH:0
FNDA:0,SortIndicator
FNDA:0,AdminScenarioHeaderFilter
FNDA:0,(anonymous_2)
FNDA:0,(anonymous_3)
FNDA:0,(anonymous_4)
FNDA:0,(anonymous_5)
FNDA:0,(anonymous_6)
FNDA:0,(anonymous_7)
FNDA:0,(anonymous_8)
FNDA:0,(anonymous_9)
FNDA:0,(anonymous_10)
FNDA:0,(anonymous_11)
FNDA:0,(anonymous_12)
FNDA:0,(anonymous_13)
FNDA:0,(anonymous_14)
FNDA:0,(anonymous_15)
FNDA:0,(anonymous_16)
FNDA:0,(anonymous_17)
FNDA:0,(anonymous_18)
FNDA:0,AdminScenariosTable
FNDA:0,(anonymous_20)
FNDA:0,(anonymous_21)
FNDA:0,(anonymous_22)
FNDA:0,(anonymous_23)
FNDA:0,(anonymous_24)
FNDA:0,(anonymous_25)
FNDA:0,(anonymous_26)
FNDA:0,(anonymous_27)
FNDA:0,(anonymous_28)
FNDA:0,(anonymous_29)
FNDA:0,(anonymous_30)
FNDA:0,(anonymous_31)
FNDA:0,(anonymous_32)
FNDA:0,(anonymous_33)
DA:52,0
DA:87,0
DA:88,0
DA:90,0
DA:110,0
DA:111,0
DA:112,0
DA:113,0
DA:114,0
DA:115,0
DA:116,0
DA:117,0
DA:118,0
DA:121,0
DA:123,0
DA:124,0
DA:133,0
DA:141,0
DA:150,0
DA:155,0
DA:164,0
DA:169,0
DA:182,0
DA:190,0
DA:194,0
DA:198,0
DA:230,0
DA:231,0
DA:232,0
DA:236,0
DA:237,0
DA:238,0
DA:239,0
DA:241,0
DA:247,0
DA:248,0
DA:252,0
DA:253,0
DA:257,0
DA:258,0
DA:259,0
DA:260,0
DA:263,0
DA:280,0
DA:281,0
DA:305,0
DA:316,0
DA:327,0
DA:328,0
DA:329,0
DA:330,0
DA:363,0
DA:364,0
DA:419,0
DA:427,0
DA:440,0
LF:56
LH:0
BRDA:87,0,0,0
BRDA:87,0,1,0
BRDA:90,1,0,0
BRDA:90,1,1,0
BRDA:113,2,0,0
BRDA:113,2,1,0
BRDA:113,3,0,0
BRDA:113,3,1,0
BRDA:116,4,0,0
BRDA:116,4,1,0
BRDA:116,5,0,0
BRDA:116,5,1,0
BRDA:121,6,0,0
BRDA:121,6,1,0
BRDA:124,7,0,0
BRDA:124,7,1,0
BRDA:130,8,0,0
BRDA:130,8,1,0
BRDA:155,9,0,0
BRDA:155,9,1,0
BRDA:169,10,0,0
BRDA:169,10,1,0
BRDA:178,11,0,0
BRDA:178,11,1,0
BRDA:204,12,0,0
BRDA:204,12,1,0
BRDA:239,13,0,0
BRDA:239,13,1,0
BRDA:265,14,0,0
BRDA:265,14,1,0
BRDA:287,15,0,0
BRDA:287,15,1,0
BRDA:290,16,0,0
BRDA:290,16,1,0
BRDA:290,17,0,0
BRDA:290,17,1,0
BRDA:296,18,0,0
BRDA:296,18,1,0
BRDA:303,19,0,0
BRDA:303,19,1,0
BRDA:327,20,0,0
BRDA:327,20,1,0
BRDA:328,21,0,0
BRDA:328,21,1,0
BRDA:329,22,0,0
BRDA:329,22,1,0
BRDA:346,23,0,0
BRDA:346,23,1,0
BRDA:347,24,0,0
BRDA:347,24,1,0
BRDA:348,25,0,0
BRDA:348,25,1,0
BRDA:350,26,0,0
BRDA:350,26,1,0
BRDA:355,27,0,0
BRDA:355,27,1,0
BRDA:358,28,0,0
BRDA:358,28,1,0
BRDA:369,29,0,0
BRDA:369,29,1,0
BRDA:384,30,0,0
BRDA:384,30,1,0
BRDA:387,31,0,0
BRDA:387,31,1,0
BRDA:392,32,0,0
BRDA:392,32,1,0
BRDA:393,33,0,0
BRDA:393,33,1,0
BRDA:393,33,2,0
BRDA:395,34,0,0
BRDA:395,34,1,0
BRDA:395,35,0,0
BRDA:395,35,1,0
BRDA:395,35,2,0
BRDA:400,36,0,0
BRDA:400,36,1,0
BRDA:400,36,2,0
BRDA:402,37,0,0
BRDA:402,37,1,0
BRDA:408,38,0,0
BRDA:408,38,1,0
BRDA:418,39,0,0
BRDA:418,39,1,0
BRDA:428,40,0,0
BRDA:428,40,1,0
BRDA:445,41,0,0
BRDA:445,41,1,0
BRDA:455,42,0,0
BRDA:455,42,1,0
BRDA:455,42,2,0
BRDA:465,43,0,0
BRDA:465,43,1,0
BRDA:465,43,2,0
BRF:93
BRH:0
end_of_record
TN:
SF:src\components\AgentMarketing.tsx
FN:38,AgentMarketing
FN:64,(anonymous_1)
FN:68,(anonymous_2)
FN:84,(anonymous_3)
FN:96,(anonymous_4)
FN:97,(anonymous_5)
FN:109,(anonymous_6)
FN:121,(anonymous_7)
FN:125,(anonymous_8)
FN:128,(anonymous_9)
FN:181,(anonymous_10)
FN:187,(anonymous_11)
FN:200,(anonymous_12)
FN:203,(anonymous_13)
FN:273,(anonymous_14)
FN:282,(anonymous_15)
FN:292,(anonymous_16)
FN:317,(anonymous_17)
FN:326,(anonymous_18)
FN:406,(anonymous_19)
FN:420,(anonymous_20)
FN:446,(anonymous_21)
FN:455,(anonymous_22)
FN:493,(anonymous_23)
FN:502,(anonymous_24)
FN:521,(anonymous_25)
FN:561,(anonymous_26)
FN:576,(anonymous_27)
FN:610,(anonymous_28)
FNF:29
FNH:0
FNDA:0,AgentMarketing
FNDA:0,(anonymous_1)
FNDA:0,(anonymous_2)
FNDA:0,(anonymous_3)
FNDA:0,(anonymous_4)
FNDA:0,(anonymous_5)
FNDA:0,(anonymous_6)
FNDA:0,(anonymous_7)
FNDA:0,(anonymous_8)
FNDA:0,(anonymous_9)
FNDA:0,(anonymous_10)
FNDA:0,(anonymous_11)
FNDA:0,(anonymous_12)
FNDA:0,(anonymous_13)
FNDA:0,(anonymous_14)
FNDA:0,(anonymous_15)
FNDA:0,(anonymous_16)
FNDA:0,(anonymous_17)
FNDA:0,(anonymous_18)
FNDA:0,(anonymous_19)
FNDA:0,(anonymous_20)
FNDA:0,(anonymous_21)
FNDA:0,(anonymous_22)
FNDA:0,(anonymous_23)
FNDA:0,(anonymous_24)
FNDA:0,(anonymous_25)
FNDA:0,(anonymous_26)
FNDA:0,(anonymous_27)
FNDA:0,(anonymous_28)
DA:39,0
DA:40,0
DA:41,0
DA:42,0
DA:43,0
DA:44,0
DA:51,0
DA:52,0
DA:53,0
DA:55,0
DA:64,0
DA:65,0
DA:68,0
DA:69,0
DA:70,0
DA:71,0
DA:72,0
DA:73,0
DA:82,0
DA:83,0
DA:84,0
DA:87,0
DA:88,0
DA:90,0
DA:91,0
DA:92,0
DA:93,0
DA:96,0
DA:97,0
DA:98,0
DA:99,0
DA:100,0
DA:101,0
DA:103,0
DA:105,0
DA:109,0
DA:110,0
DA:117,0
DA:118,0
DA:121,0
DA:122,0
DA:123,0
DA:124,0
DA:125,0
DA:128,0
DA:129,0
DA:130,0
DA:133,0
DA:135,0
DA:181,0
DA:187,0
DA:201,0
DA:204,0
DA:205,0
DA:273,0
DA:282,0
DA:293,0
DA:294,0
DA:317,0
DA:326,0
DA:406,0
DA:421,0
DA:446,0
DA:455,0
DA:493,0
DA:502,0
DA:522,0
DA:562,0
DA:576,0
DA:611,0
LF:70
LH:0
BRDA:69,0,0,0
BRDA:69,0,1,0
BRDA:69,0,2,0
BRDA:100,1,0,0
BRDA:100,1,1,0
BRDA:191,2,0,0
BRDA:191,2,1,0
BRDA:217,3,0,0
BRDA:217,3,1,0
BRDA:233,4,0,0
BRDA:233,4,1,0
BRDA:233,4,2,0
BRDA:279,5,0,0
BRDA:279,5,1,0
BRDA:283,6,0,0
BRDA:283,6,1,0
BRDA:285,7,0,0
BRDA:285,7,1,0
BRDA:287,8,0,0
BRDA:287,8,1,0
BRDA:298,9,0,0
BRDA:298,9,1,0
BRDA:323,10,0,0
BRDA:323,10,1,0
BRDA:327,11,0,0
BRDA:327,11,1,0
BRDA:329,12,0,0
BRDA:329,12,1,0
BRDA:331,13,0,0
BRDA:331,13,1,0
BRDA:407,14,0,0
BRDA:407,14,1,0
BRDA:409,15,0,0
BRDA:409,15,1,0
BRDA:411,16,0,0
BRDA:411,16,1,0
BRDA:452,17,0,0
BRDA:452,17,1,0
BRDA:456,18,0,0
BRDA:456,18,1,0
BRDA:458,19,0,0
BRDA:458,19,1,0
BRDA:460,20,0,0
BRDA:460,20,1,0
BRDA:499,21,0,0
BRDA:499,21,1,0
BRDA:503,22,0,0
BRDA:503,22,1,0
BRDA:505,23,0,0
BRDA:505,23,1,0
BRDA:507,24,0,0
BRDA:507,24,1,0
BRDA:549,25,0,0
BRDA:549,25,1,0
BRDA:551,26,0,0
BRDA:551,26,1,0
BRDA:563,27,0,0
BRDA:563,27,1,0
BRDA:581,28,0,0
BRDA:581,28,1,0
BRDA:609,29,0,0
BRDA:609,29,1,0
BRDA:615,30,0,0
BRDA:615,30,1,0
BRDA:619,31,0,0
BRDA:619,31,1,0
BRF:66
BRH:0
end_of_record
TN:
SF:src\components\AgentPlatformTiersOverview.tsx
FN:12,AgentPlatformTiersOverview
FN:25,(anonymous_1)
FN:49,(anonymous_2)
FN:71,(anonymous_3)
FNF:4
FNH:4
FNDA:1,AgentPlatformTiersOverview
FNDA:4,(anonymous_1)
FNDA:15,(anonymous_2)
FNDA:8,(anonymous_3)
DA:13,1
DA:26,4
DA:27,4
DA:50,15
DA:72,8
LF:5
LH:5
BRDA:32,0,0,4
BRDA:32,0,1,1
BRDA:37,1,0,1
BRDA:37,1,1,3
BRDA:77,2,0,5
BRDA:77,2,1,3
BRF:6
BRH:6
end_of_record
TN:
SF:src\components\AgentPricingTiers.tsx
FN:26,AgentPricingTiers
FN:31,(anonymous_1)
FN:38,(anonymous_2)
FN:39,(anonymous_3)
FN:40,(anonymous_4)
FN:44,(anonymous_5)
FN:46,(anonymous_6)
FN:47,(anonymous_7)
FN:47,(anonymous_8)
FN:62,(anonymous_9)
FN:73,(anonymous_10)
FN:89,(anonymous_11)
FN:111,(anonymous_12)
FN:121,(anonymous_13)
FN:156,(anonymous_14)
FN:166,(anonymous_15)
FNF:16
FNH:0
FNDA:0,AgentPricingTiers
FNDA:0,(anonymous_1)
FNDA:0,(anonymous_2)
FNDA:0,(anonymous_3)
FNDA:0,(anonymous_4)
FNDA:0,(anonymous_5)
FNDA:0,(anonymous_6)
FNDA:0,(anonymous_7)
FNDA:0,(anonymous_8)
FNDA:0,(anonymous_9)
FNDA:0,(anonymous_10)
FNDA:0,(anonymous_11)
FNDA:0,(anonymous_12)
FNDA:0,(anonymous_13)
FNDA:0,(anonymous_14)
FNDA:0,(anonymous_15)
DA:27,0
DA:28,0
DA:30,0
DA:31,0
DA:35,0
DA:36,0
DA:38,0
DA:39,0
DA:40,0
DA:44,0
DA:45,0
DA:46,0
DA:47,0
DA:51,0
DA:63,0
DA:64,0
DA:65,0
DA:73,0
DA:90,0
DA:112,0
DA:113,0
DA:121,0
DA:156,0
DA:167,0
LF:24
LH:0
BRDA:26,0,0,0
BRDA:40,1,0,0
BRDA:40,1,1,0
BRDA:70,2,0,0
BRDA:70,2,1,0
BRDA:71,3,0,0
BRDA:71,3,1,0
BRDA:77,4,0,0
BRDA:77,4,1,0
BRDA:118,5,0,0
BRDA:118,5,1,0
BRDA:132,6,0,0
BRDA:132,6,1,0
BRDA:148,7,0,0
BRDA:148,7,1,0
BRDA:149,8,0,0
BRDA:149,8,1,0
BRDA:153,9,0,0
BRDA:153,9,1,0
BRDA:169,10,0,0
BRDA:169,10,1,0
BRF:21
BRH:0
end_of_record
TN:
SF:src\components\AppShell.tsx
FN:7,AppShell
FNF:1
FNH:0
FNDA:0,AppShell
DA:20,0
LF:1
LH:0
BRDA:30,0,0,0
BRDA:30,0,1,0
BRDA:30,0,2,0
BRDA:32,1,0,0
BRDA:32,1,1,0
BRDA:34,2,0,0
BRDA:34,2,1,0
BRDA:37,3,0,0
BRDA:37,3,1,0
BRDA:37,3,2,0
BRDA:41,4,0,0
BRDA:41,4,1,0
BRDA:42,5,0,0
BRDA:42,5,1,0
BRDA:42,6,0,0
BRDA:42,6,1,0
BRF:16
BRH:0
end_of_record
TN:
SF:src\components\ArticleTitleWithImage.tsx
FN:14,ArticleTitleWithImage
FNF:1
FNH:0
FNDA:0,ArticleTitleWithImage
DA:5,0
DA:39,0
DA:41,0
DA:53,0
LF:4
LH:0
BRDA:18,0,0,0
BRDA:19,1,0,0
BRDA:20,2,0,0
BRDA:41,3,0,0
BRDA:41,3,1,0
BRDA:56,4,0,0
BRDA:56,4,1,0
BRDA:60,5,0,0
BRDA:60,5,1,0
BRDA:72,6,0,0
BRDA:72,6,1,0
BRDA:74,7,0,0
BRDA:74,7,1,0
BRDA:77,8,0,0
BRDA:77,8,1,0
BRDA:83,9,0,0
BRDA:83,9,1,0
BRDA:87,10,0,0
BRDA:87,10,1,0
BRDA:95,11,0,0
BRDA:95,11,1,0
BRF:21
BRH:0
end_of_record
TN:
SF:src\components\BenchmarkIdLookupForm.tsx
FN:13,BenchmarkIdLookupForm
FN:17,(anonymous_1)
FN:43,(anonymous_2)
FNF:3
FNH:0
FNDA:0,BenchmarkIdLookupForm
FNDA:0,(anonymous_1)
FNDA:0,(anonymous_2)
DA:14,0
DA:15,0
DA:17,0
DA:18,0
DA:19,0
DA:20,0
DA:21,0
DA:22,0
DA:23,0
DA:25,0
DA:28,0
DA:43,0
LF:12
LH:0
BRDA:20,0,0,0
BRDA:20,0,1,0
BRDA:21,1,0,0
BRDA:21,1,1,0
BRF:4
BRH:0
end_of_record
TN:
SF:src\components\BenchmarkMyInputEditor.tsx
FN:43,RadioOption
FN:76,CompactChoice
FN:109,FieldLegend
FN:123,BenchmarkMyInputEditor
FN:156,(anonymous_4)
FN:161,(anonymous_5)
FN:169,(anonymous_6)
FN:174,(anonymous_7)
FN:180,(anonymous_8)
FN:181,(anonymous_9)
FN:182,(anonymous_10)
FN:186,(anonymous_11)
FN:191,(anonymous_12)
FN:193,(anonymous_13)
FN:251,(anonymous_14)
FN:261,(anonymous_15)
FN:271,(anonymous_16)
FN:277,(anonymous_17)
FN:291,(anonymous_18)
FN:299,(anonymous_19)
FN:322,(anonymous_20)
FN:351,(anonymous_21)
FN:357,(anonymous_22)
FN:375,(anonymous_23)
FN:386,(anonymous_24)
FN:397,(anonymous_25)
FN:406,(anonymous_26)
FN:419,(anonymous_27)
FN:432,(anonymous_28)
FN:484,(anonymous_29)
FN:490,(anonymous_30)
FN:505,(anonymous_31)
FN:513,(anonymous_32)
FN:532,(anonymous_33)
FN:543,(anonymous_34)
FN:555,(anonymous_35)
FNF:36
FNH:0
FNDA:0,RadioOption
FNDA:0,CompactChoice
FNDA:0,FieldLegend
FNDA:0,BenchmarkMyInputEditor
FNDA:0,(anonymous_4)
FNDA:0,(anonymous_5)
FNDA:0,(anonymous_6)
FNDA:0,(anonymous_7)
FNDA:0,(anonymous_8)
FNDA:0,(anonymous_9)
FNDA:0,(anonymous_10)
FNDA:0,(anonymous_11)
FNDA:0,(anonymous_12)
FNDA:0,(anonymous_13)
FNDA:0,(anonymous_14)
FNDA:0,(anonymous_15)
FNDA:0,(anonymous_16)
FNDA:0,(anonymous_17)
FNDA:0,(anonymous_18)
FNDA:0,(anonymous_19)
FNDA:0,(anonymous_20)
FNDA:0,(anonymous_21)
FNDA:0,(anonymous_22)
FNDA:0,(anonymous_23)
FNDA:0,(anonymous_24)
FNDA:0,(anonymous_25)
FNDA:0,(anonymous_26)
FNDA:0,(anonymous_27)
FNDA:0,(anonymous_28)
FNDA:0,(anonymous_29)
FNDA:0,(anonymous_30)
FNDA:0,(anonymous_31)
FNDA:0,(anonymous_32)
FNDA:0,(anonymous_33)
FNDA:0,(anonymous_34)
FNDA:0,(anonymous_35)
DA:35,0
DA:56,0
DA:89,0
DA:110,0
DA:124,0
DA:125,0
DA:126,0
DA:127,0
DA:128,0
DA:129,0
DA:132,0
DA:135,0
DA:138,0
DA:139,0
DA:140,0
DA:143,0
DA:144,0
DA:148,0
DA:149,0
DA:151,0
DA:152,0
DA:154,0
DA:155,0
DA:156,0
DA:159,0
DA:161,0
DA:162,0
DA:163,0
DA:164,0
DA:165,0
DA:169,0
DA:170,0
DA:171,0
DA:174,0
DA:175,0
DA:176,0
DA:177,0
DA:180,0
DA:181,0
DA:182,0
DA:186,0
DA:187,0
DA:188,0
DA:189,0
DA:191,0
DA:192,0
DA:193,0
DA:196,0
DA:236,0
DA:252,0
DA:253,0
DA:254,0
DA:255,0
DA:262,0
DA:272,0
DA:277,0
DA:291,0
DA:299,0
DA:322,0
DA:352,0
DA:357,0
DA:376,0
DA:377,0
DA:387,0
DA:388,0
DA:397,0
DA:406,0
DA:420,0
DA:432,0
DA:485,0
DA:490,0
DA:505,0
DA:514,0
DA:515,0
DA:532,0
DA:544,0
DA:555,0
LF:77
LH:0
BRDA:60,0,0,0
BRDA:60,0,1,0
BRDA:93,1,0,0
BRDA:93,1,1,0
BRDA:113,2,0,0
BRDA:113,2,1,0
BRDA:134,3,0,0
BRDA:134,3,1,0
BRDA:156,4,0,0
BRDA:156,4,1,0
BRDA:163,5,0,0
BRDA:163,5,1,0
BRDA:170,6,0,0
BRDA:170,6,1,0
BRDA:171,7,0,0
BRDA:171,7,1,0
BRDA:171,8,0,0
BRDA:171,8,1,0
BRDA:175,9,0,0
BRDA:175,9,1,0
BRDA:177,10,0,0
BRDA:177,10,1,0
BRDA:182,11,0,0
BRDA:182,11,1,0
BRDA:189,12,0,0
BRDA:189,12,1,0
BRDA:203,13,0,0
BRDA:203,13,1,0
BRDA:203,14,0,0
BRDA:203,14,1,0
BRDA:253,15,0,0
BRDA:253,15,1,0
BRDA:255,16,0,0
BRDA:255,16,1,0
BRDA:365,17,0,0
BRDA:365,17,1,0
BRDA:402,18,0,0
BRDA:402,18,1,0
BRDA:424,19,0,0
BRDA:424,19,1,0
BRDA:523,20,0,0
BRDA:523,20,1,0
BRDA:548,21,0,0
BRDA:548,21,1,0
BRF:44
BRH:0
end_of_record
TN:
SF:src\components\BenchmarkPlanResultsChrome.tsx
FN:25,BenchmarkPlanResultsChromeProvider
FN:27,(anonymous_1)
FN:35,useBenchmarkPlanResultsChrome
FN:40,useRegisterBenchmarkPlanResultsChrome
FN:44,(anonymous_4)
FN:47,(anonymous_5)
FNF:6
FNH:0
FNDA:0,BenchmarkPlanResultsChromeProvider
FNDA:0,(anonymous_1)
FNDA:0,useBenchmarkPlanResultsChrome
FNDA:0,useRegisterBenchmarkPlanResultsChrome
FNDA:0,(anonymous_4)
FNDA:0,(anonymous_5)
DA:22,0
DA:26,0
DA:27,0
DA:28,0
DA:36,0
DA:43,0
DA:44,0
DA:45,0
DA:46,0
DA:47,0
LF:10
LH:0
BRDA:45,0,0,0
BRDA:45,0,1,0
BRF:2
BRH:0
end_of_record
TN:
SF:src\components\BenchmarkReportBackToTop.tsx
FN:9,BenchmarkReportBackToTop
FN:12,(anonymous_1)
FN:13,(anonymous_2)
FN:18,(anonymous_3)
FN:25,(anonymous_4)
FNF:5
FNH:0
FNDA:0,BenchmarkReportBackToTop
FNDA:0,(anonymous_1)
FNDA:0,(anonymous_2)
FNDA:0,(anonymous_3)
FNDA:0,(anonymous_4)
DA:6,0
DA:10,0
DA:12,0
DA:13,0
DA:14,0
DA:16,0
DA:17,0
DA:18,0
DA:21,0
DA:22,0
DA:25,0
DA:26,0
DA:29,0
LF:13
LH:0
BRDA:21,0,0,0
BRDA:21,0,1,0
BRF:2
BRH:0
end_of_record
TN:
SF:src\components\BenchmarkReportBackToTopLink.tsx
FN:9,BenchmarkReportBackToTopLink
FN:13,(anonymous_1)
FNF:2
FNH:0
FNDA:0,BenchmarkReportBackToTopLink
FNDA:0,(anonymous_1)
DA:10,0
DA:13,0
LF:2
LH:0
BRF:0
BRH:0
end_of_record
TN:
SF:src\components\BenchmarkReportCollapsible.tsx
FN:10,BenchmarkReportSubsection
FN:78,BenchmarkReportCollapsible
FNF:2
FNH:0
FNDA:0,BenchmarkReportSubsection
FNDA:0,BenchmarkReportCollapsible
DA:29,0
DA:105,0
DA:106,0
DA:109,0
DA:124,0
LF:5
LH:0
BRDA:14,0,0,0
BRDA:15,1,0,0
BRDA:34,2,0,0
BRDA:34,2,1,0
BRDA:43,3,0,0
BRDA:43,3,1,0
BRDA:50,4,0,0
BRDA:50,4,1,0
BRDA:56,5,0,0
BRDA:56,5,1,0
BRDA:60,6,0,0
BRDA:60,6,1,0
BRDA:69,7,0,0
BRDA:69,7,1,0
BRDA:82,8,0,0
BRDA:85,9,0,0
BRDA:86,10,0,0
BRDA:87,11,0,0
BRDA:113,12,0,0
BRDA:113,12,1,0
BRDA:114,13,0,0
BRDA:114,13,1,0
BRDA:117,14,0,0
BRDA:117,14,1,0
BRDA:125,15,0,0
BRDA:125,15,1,0
BRDA:127,16,0,0
BRDA:127,16,1,0
BRDA:128,17,0,0
BRDA:128,17,1,0
BRDA:139,18,0,0
BRDA:139,18,1,0
BRDA:144,19,0,0
BRDA:144,19,1,0
BRDA:149,20,0,0
BRDA:149,20,1,0
BRDA:155,21,0,0
BRDA:155,21,1,0
BRDA:159,22,0,0
BRDA:159,22,1,0
BRDA:160,23,0,0
BRDA:160,23,1,0
BRDA:160,24,0,0
BRDA:160,24,1,0
BRDA:167,25,0,0
BRDA:167,25,1,0
BRDA:171,26,0,0
BRDA:171,26,1,0
BRF:48
BRH:0
end_of_record
TN:
SF:src\components\BenchmarkReportSectionNav.tsx
FN:51,ToolbarActionPill
FN:81,ToolbarActionLinkPill
FN:99,BenchmarkReportToolbar
FN:119,(anonymous_3)
FN:129,(anonymous_4)
FN:149,(anonymous_5)
FN:165,BenchmarkReportTabBar
FN:198,(anonymous_7)
FN:228,BenchmarkReportTabList
FN:239,BenchmarkReportBubbleBar
FN:251,BenchmarkReportSectionNav
FN:261,BenchmarkReportSectionNavMobile
FNF:12
FNH:0
FNDA:0,ToolbarActionPill
FNDA:0,ToolbarActionLinkPill
FNDA:0,BenchmarkReportToolbar
FNDA:0,(anonymous_3)
FNDA:0,(anonymous_4)
FNDA:0,(anonymous_5)
FNDA:0,BenchmarkReportTabBar
FNDA:0,(anonymous_7)
FNDA:0,BenchmarkReportTabList
FNDA:0,BenchmarkReportBubbleBar
FNDA:0,BenchmarkReportSectionNav
FNDA:0,BenchmarkReportSectionNavMobile
DA:42,0
DA:45,0
DA:47,0
DA:49,0
DA:64,0
DA:90,0
DA:110,0
DA:111,0
DA:114,0
DA:120,0
DA:130,0
DA:150,0
DA:183,0
DA:199,0
DA:235,0
DA:247,0
DA:257,0
DA:267,0
LF:18
LH:0
BRDA:55,0,0,0
BRDA:56,1,0,0
BRDA:70,2,0,0
BRDA:70,2,1,0
BRDA:71,3,0,0
BRDA:71,3,1,0
BRDA:72,4,0,0
BRDA:72,4,1,0
BRDA:75,5,0,0
BRDA:75,5,1,0
BRDA:92,6,0,0
BRDA:92,6,1,0
BRDA:100,7,0,0
BRDA:101,8,0,0
BRDA:102,9,0,0
BRDA:110,10,0,0
BRDA:110,10,1,0
BRDA:110,11,0,0
BRDA:110,11,1,0
BRDA:110,11,2,0
BRDA:137,12,0,0
BRDA:137,12,1,0
BRDA:188,13,0,0
BRDA:188,13,1,0
BRDA:195,14,0,0
BRDA:195,14,1,0
BRDA:205,15,0,0
BRDA:205,15,1,0
BRDA:205,16,0,0
BRDA:205,16,1,0
BRDA:217,17,0,0
BRDA:217,17,1,0
BRF:32
BRH:0
end_of_record
TN:
SF:src\components\BenchmarkReportTabFooter.tsx
FN:7,BenchmarkReportTabFooter
FNF:1
FNH:0
FNDA:0,BenchmarkReportTabFooter
DA:14,0
DA:15,0
DA:17,0
LF:3
LH:0
BRDA:19,0,0,0
BRDA:19,0,1,0
BRF:2
BRH:0
end_of_record
TN:
SF:src\components\BenchmarkWorkbookChecklist.tsx
FN:13,BenchmarkWorkbookChecklist
FNF:1
FNH:0
FNDA:0,BenchmarkWorkbookChecklist
DA:19,0
LF:1
LH:0
BRDA:14,0,0,0
BRDA:15,1,0,0
BRDA:16,2,0,0
BRDA:17,3,0,0
BRF:4
BRH:0
end_of_record
TN:
SF:src\components\BrandLogo.tsx
FN:26,BrandLogo
FNF:1
FNH:0
FNDA:0,BrandLogo
DA:6,0
DA:27,0
DA:28,0
LF:3
LH:0
BRDA:26,0,0,0
BRDA:27,1,0,0
BRDA:27,1,1,0
BRDA:27,2,0,0
BRDA:27,2,1,0
BRF:5
BRH:0
end_of_record
TN:
SF:src\components\CMSFooter.tsx
FN:8,CMSFooter
FN:9,(anonymous_1)
FNF:2
FNH:0
FNDA:0,CMSFooter
FNDA:0,(anonymous_1)
DA:9,0
DA:10,0
DA:12,0
LF:3
LH:0
BRDA:25,0,0,0
BRDA:25,0,1,0
BRF:2
BRH:0
end_of_record
TN:
SF:src\components\CarrierChecklistPanel.tsx
FN:32,uploadTabLabel
FN:38,CarrierChecklistPanel
FN:45,(anonymous_2)
FN:50,(anonymous_3)
FN:55,(anonymous_4)
FN:88,(anonymous_5)
FN:105,(anonymous_6)
FN:131,(anonymous_7)
FN:143,(anonymous_8)
FN:150,(anonymous_9)
FN:170,(anonymous_10)
FN:181,(anonymous_11)
FN:202,(anonymous_12)
FN:218,(anonymous_13)
FN:220,(anonymous_14)
FN:231,(anonymous_15)
FN:235,(anonymous_16)
FN:241,(anonymous_17)
FN:247,(anonymous_18)
FNF:19
FNH:0
FNDA:0,uploadTabLabel
FNDA:0,CarrierChecklistPanel
FNDA:0,(anonymous_2)
FNDA:0,(anonymous_3)
FNDA:0,(anonymous_4)
FNDA:0,(anonymous_5)
FNDA:0,(anonymous_6)
FNDA:0,(anonymous_7)
FNDA:0,(anonymous_8)
FNDA:0,(anonymous_9)
FNDA:0,(anonymous_10)
FNDA:0,(anonymous_11)
FNDA:0,(anonymous_12)
FNDA:0,(anonymous_13)
FNDA:0,(anonymous_14)
FNDA:0,(anonymous_15)
FNDA:0,(anonymous_16)
FNDA:0,(anonymous_17)
FNDA:0,(anonymous_18)
DA:33,0
DA:34,0
DA:35,0
DA:39,0
DA:40,0
DA:41,0
DA:42,0
DA:43,0
DA:45,0
DA:46,0
DA:47,0
DA:48,0
DA:50,0
DA:51,0
DA:55,0
DA:56,0
DA:57,0
DA:58,0
DA:59,0
DA:62,0
DA:63,0
DA:69,0
DA:70,0
DA:71,0
DA:74,0
DA:82,0
DA:83,0
DA:84,0
DA:85,0
DA:88,0
DA:89,0
DA:90,0
DA:91,0
DA:92,0
DA:93,0
DA:94,0
DA:96,0
DA:98,0
DA:100,0
DA:101,0
DA:105,0
DA:106,0
DA:107,0
DA:108,0
DA:109,0
DA:110,0
DA:113,0
DA:131,0
DA:143,0
DA:150,0
DA:170,0
DA:181,0
DA:203,0
DA:219,0
DA:220,0
DA:223,0
DA:231,0
DA:236,0
DA:242,0
DA:248,0
LF:60
LH:0
BRDA:33,0,0,0
BRDA:33,0,1,0
BRDA:34,1,0,0
BRDA:34,1,1,0
BRDA:46,2,0,0
BRDA:46,2,1,0
BRDA:50,3,0,0
BRDA:50,3,1,0
BRDA:50,4,0,0
BRDA:50,4,1,0
BRDA:51,5,0,0
BRDA:51,5,1,0
BRDA:56,6,0,0
BRDA:56,6,1,0
BRDA:56,6,2,0
BRDA:57,7,0,0
BRDA:57,7,1,0
BRDA:69,8,0,0
BRDA:69,8,1,0
BRDA:89,9,0,0
BRDA:89,9,1,0
BRDA:93,10,0,0
BRDA:93,10,1,0
BRDA:98,11,0,0
BRDA:98,11,1,0
BRDA:101,12,0,0
BRDA:101,12,1,0
BRDA:106,13,0,0
BRDA:106,13,1,0
BRDA:107,14,0,0
BRDA:107,14,1,0
BRDA:143,15,0,0
BRDA:143,15,1,0
BRDA:155,16,0,0
BRDA:155,16,1,0
BRDA:180,17,0,0
BRDA:180,17,1,0
BRDA:188,18,0,0
BRDA:188,18,1,0
BRDA:190,19,0,0
BRDA:190,19,1,0
BRDA:228,20,0,0
BRDA:228,20,1,0
BRF:43
BRH:0
end_of_record
TN:
SF:src\components\CatalogExplorer.tsx
FN:20,Disclosure
FN:43,(anonymous_1)
FN:43,(anonymous_2)
FN:66,CarrierCard
FN:107,MedigapPlanDetail
FN:123,(anonymous_5)
FN:138,(anonymous_6)
FN:146,AdvantageTypeDetail
FN:169,(anonymous_8)
FN:177,CatalogExplorer
FN:200,(anonymous_10)
FN:221,(anonymous_11)
FN:242,(anonymous_12)
FN:247,(anonymous_13)
FN:262,(anonymous_14)
FNF:15
FNH:7
FNDA:15,Disclosure
FNDA:0,(anonymous_1)
FNDA:0,(anonymous_2)
FNDA:0,CarrierCard
FNDA:0,MedigapPlanDetail
FNDA:0,(anonymous_5)
FNDA:0,(anonymous_6)
FNDA:0,AdvantageTypeDetail
FNDA:0,(anonymous_8)
FNDA:1,CatalogExplorer
FNDA:12,(anonymous_10)
FNDA:7,(anonymous_11)
FNDA:3,(anonymous_12)
FNDA:15,(anonymous_13)
FNDA:6,(anonymous_14)
DA:35,15
DA:36,15
DA:37,15
DA:43,0
DA:67,0
DA:68,0
DA:69,0
DA:108,0
DA:119,0
DA:124,0
DA:139,0
DA:147,0
DA:170,0
DA:178,1
DA:201,12
DA:222,7
DA:243,3
DA:244,3
DA:248,15
DA:263,6
LF:20
LH:10
BRDA:26,0,0,15
BRDA:36,1,0,3
BRDA:36,1,1,12
BRDA:36,2,0,12
BRDA:36,2,1,0
BRDA:39,3,0,3
BRDA:39,3,1,12
BRDA:39,4,0,12
BRDA:39,4,1,0
BRDA:46,5,0,1
BRDA:46,5,1,14
BRDA:52,6,0,15
BRDA:52,6,1,12
BRDA:57,7,0,15
BRDA:57,7,1,3
BRDA:61,8,0,15
BRDA:61,8,1,1
BRDA:68,9,0,0
BRDA:68,9,1,0
BRDA:90,10,0,0
BRDA:90,10,1,0
BRDA:243,11,0,3
BRDA:243,11,1,3
BRDA:243,11,2,3
BRF:24
BRH:18
end_of_record
TN:
SF:src\components\ChecklistFilterBubble.tsx
FN:14,ChecklistFilterBubble
FNF:1
FNH:0
FNDA:0,ChecklistFilterBubble
DA:22,0
DA:26,0
LF:2
LH:0
BRDA:22,0,0,0
BRDA:22,0,1,0
BRDA:22,1,0,0
BRDA:22,1,1,0
BRDA:32,2,0,0
BRDA:32,2,1,0
BRDA:40,3,0,0
BRDA:40,3,1,0
BRDA:40,4,0,0
BRDA:40,4,1,0
BRF:10
BRH:0
end_of_record
TN:
SF:src\components\ChecklistOwnerTabBar.tsx
FN:17,ChecklistOwnerTabBar
FN:25,(anonymous_1)
FN:31,(anonymous_2)
FNF:3
FNH:0
FNDA:0,ChecklistOwnerTabBar
FNDA:0,(anonymous_1)
FNDA:0,(anonymous_2)
DA:23,0
DA:26,0
DA:31,0
LF:3
LH:0
BRF:0
BRH:0
end_of_record
TN:
SF:src\components\CheckoutModal.tsx
FN:15,CheckoutModal
FN:26,(anonymous_1)
FN:28,(anonymous_2)
FN:29,(anonymous_3)
FN:33,(anonymous_4)
FN:59,(anonymous_5)
FN:62,(anonymous_6)
FNF:7
FNH:0
FNDA:0,CheckoutModal
FNDA:0,(anonymous_1)
FNDA:0,(anonymous_2)
FNDA:0,(anonymous_3)
FNDA:0,(anonymous_4)
FNDA:0,(anonymous_5)
FNDA:0,(anonymous_6)
DA:9,0
DA:22,0
DA:23,0
DA:24,0
DA:26,0
DA:28,0
DA:29,0
DA:30,0
DA:31,0
DA:32,0
DA:33,0
DA:34,0
DA:35,0
DA:40,0
DA:60,0
DA:62,0
LF:16
LH:0
BRDA:48,0,0,0
BRDA:48,0,1,0
BRDA:63,1,0,0
BRDA:63,1,1,0
BRF:4
BRH:0
end_of_record
TN:
SF:src\components\CmsPartnerCtaButton.tsx
FN:15,CmsPartnerCtaButton
FN:35,(anonymous_1)
FNF:2
FNH:0
FNDA:0,CmsPartnerCtaButton
FNDA:0,(anonymous_1)
DA:22,0
DA:24,0
DA:36,0
DA:41,0
LF:4
LH:0
BRDA:18,0,0,0
BRDA:27,1,0,0
BRDA:27,1,1,0
BRDA:30,2,0,0
BRDA:30,2,1,0
BRDA:46,3,0,0
BRDA:46,3,1,0
BRF:7
BRH:0
end_of_record
TN:
SF:src\components\CmsRequirementsReference.tsx
FN:16,CmsRequirementsReference
FN:32,(anonymous_1)
FN:40,(anonymous_2)
FN:46,(anonymous_3)
FN:102,(anonymous_4)
FN:132,(anonymous_5)
FNF:6
FNH:0
FNDA:0,CmsRequirementsReference
FNDA:0,(anonymous_1)
FNDA:0,(anonymous_2)
FNDA:0,(anonymous_3)
FNDA:0,(anonymous_4)
FNDA:0,(anonymous_5)
DA:28,0
DA:29,0
DA:30,0
DA:32,0
DA:33,0
DA:34,0
DA:35,0
DA:36,0
DA:40,0
DA:41,0
DA:42,0
DA:45,0
DA:47,0
DA:52,0
DA:72,0
DA:103,0
DA:133,0
LF:17
LH:0
BRDA:33,0,0,0
BRDA:33,0,1,0
BRDA:35,1,0,0
BRDA:35,1,1,0
BRDA:41,2,0,0
BRDA:41,2,1,0
BRDA:42,3,0,0
BRDA:42,3,1,0
BRDA:42,4,0,0
BRDA:42,4,1,0
BRDA:54,5,0,0
BRDA:54,5,1,0
BRDA:106,6,0,0
BRDA:106,6,1,0
BRDA:109,7,0,0
BRDA:109,7,1,0
BRDA:117,8,0,0
BRDA:117,8,1,0
BRF:18
BRH:0
end_of_record
TN:
SF:src\components\ComparisonIdLookupForm.tsx
FN:12,ComparisonIdLookupForm
FN:16,(anonymous_1)
FN:37,(anonymous_2)
FNF:3
FNH:0
FNDA:0,ComparisonIdLookupForm
FNDA:0,(anonymous_1)
FNDA:0,(anonymous_2)
DA:13,0
DA:14,0
DA:16,0
DA:17,0
DA:18,0
DA:19,0
DA:22,0
DA:37,0
LF:8
LH:0
BRDA:19,0,0,0
BRDA:19,0,1,0
BRF:2
BRH:0
end_of_record
TN:
SF:src\components\ConfirmDialog.tsx
FN:25,ConfirmProvider
FN:32,(anonymous_1)
FN:34,(anonymous_2)
FN:39,(anonymous_3)
FN:41,(anonymous_4)
FN:49,(anonymous_5)
FN:61,(anonymous_6)
FN:65,(anonymous_7)
FN:81,useConfirm
FN:85,(anonymous_9)
FNF:10
FNH:0
FNDA:0,ConfirmProvider
FNDA:0,(anonymous_1)
FNDA:0,(anonymous_2)
FNDA:0,(anonymous_3)
FNDA:0,(anonymous_4)
FNDA:0,(anonymous_5)
FNDA:0,(anonymous_6)
FNDA:0,(anonymous_7)
FNDA:0,useConfirm
FNDA:0,(anonymous_9)
DA:23,0
DA:26,0
DA:32,0
DA:33,0
DA:34,0
DA:35,0
DA:39,0
DA:40,0
DA:41,0
DA:44,0
DA:50,0
DA:61,0
DA:65,0
DA:82,0
DA:83,0
DA:85,0
DA:86,0
DA:87,0
DA:90,0
LF:19
LH:0
BRDA:33,0,0,0
BRDA:33,0,1,0
BRDA:50,1,0,0
BRDA:50,1,1,0
BRDA:55,2,0,0
BRDA:55,2,1,0
BRDA:62,3,0,0
BRDA:62,3,1,0
BRDA:67,4,0,0
BRDA:67,4,1,0
BRDA:72,5,0,0
BRDA:72,5,1,0
BRDA:83,6,0,0
BRDA:83,6,1,0
BRDA:86,7,0,0
BRDA:86,7,1,0
BRDA:87,8,0,0
BRDA:87,8,1,0
BRF:18
BRH:0
end_of_record
TN:
SF:src\components\ConsumerFeaturesGrid.tsx
FN:21,ConsumerFeaturesGrid
FN:24,(anonymous_1)
FNF:2
FNH:0
FNDA:0,ConsumerFeaturesGrid
FNDA:0,(anonymous_1)
DA:12,0
DA:22,0
DA:25,0
DA:26,0
LF:4
LH:0
BRDA:25,0,0,0
BRDA:25,0,1,0
BRF:2
BRH:0
end_of_record
TN:
SF:src\components\CreditPill.tsx
FN:6,CreditPill
FN:13,(anonymous_1)
FNF:2
FNH:0
FNDA:0,CreditPill
FNDA:0,(anonymous_1)
DA:7,0
DA:8,0
DA:9,0
DA:10,0
DA:13,0
LF:5
LH:0
BRDA:15,0,0,0
BRDA:15,0,1,0
BRF:2
BRH:0
end_of_record
TN:
SF:src\components\DateField.tsx
FN:13,DateField
FN:28,(anonymous_1)
FN:55,(anonymous_2)
FN:61,(anonymous_3)
FNF:4
FNH:2
FNDA:1,DateField
FNDA:1,(anonymous_1)
FNDA:0,(anonymous_2)
FNDA:0,(anonymous_3)
DA:28,1
DA:29,1
DA:30,0
DA:31,0
DA:34,1
DA:55,0
DA:61,0
LF:7
LH:3
BRDA:16,0,0,1
BRDA:19,1,0,1
BRDA:29,2,0,1
BRDA:29,2,1,0
BRDA:31,3,0,0
BRDA:31,3,1,0
BRDA:42,4,0,1
BRDA:42,4,1,1
BRDA:48,5,0,0
BRDA:48,5,1,1
BRDA:55,6,0,0
BRDA:55,6,1,0
BRDA:59,7,0,1
BRDA:59,7,1,0
BRF:14
BRH:7
end_of_record
TN:
SF:src\components\DeployVersionGate.tsx
FN:38,DeployVersionGate
FN:41,(anonymous_1)
FN:55,(anonymous_2)
FN:66,(anonymous_3)
FN:73,(anonymous_4)
FN:86,(anonymous_5)
FN:97,(anonymous_6)
FN:102,(anonymous_7)
FN:106,(anonymous_8)
FN:109,(anonymous_9)
FN:116,(anonymous_10)
FN:123,(anonymous_11)
FN:124,(anonymous_12)
FN:134,(anonymous_13)
FN:137,(anonymous_14)
FN:144,(anonymous_15)
FN:165,(anonymous_16)
FN:173,(anonymous_17)
FN:174,(anonymous_18)
FN:177,(anonymous_19)
FN:180,(anonymous_20)
FN:227,(anonymous_21)
FN:257,(anonymous_22)
FN:267,(anonymous_23)
FN:299,(anonymous_24)
FN:310,(anonymous_25)
FNF:26
FNH:0
FNDA:0,DeployVersionGate
FNDA:0,(anonymous_1)
FNDA:0,(anonymous_2)
FNDA:0,(anonymous_3)
FNDA:0,(anonymous_4)
FNDA:0,(anonymous_5)
FNDA:0,(anonymous_6)
FNDA:0,(anonymous_7)
FNDA:0,(anonymous_8)
FNDA:0,(anonymous_9)
FNDA:0,(anonymous_10)
FNDA:0,(anonymous_11)
FNDA:0,(anonymous_12)
FNDA:0,(anonymous_13)
FNDA:0,(anonymous_14)
FNDA:0,(anonymous_15)
FNDA:0,(anonymous_16)
FNDA:0,(anonymous_17)
FNDA:0,(anonymous_18)
FNDA:0,(anonymous_19)
FNDA:0,(anonymous_20)
FNDA:0,(anonymous_21)
FNDA:0,(anonymous_22)
FNDA:0,(anonymous_23)
FNDA:0,(anonymous_24)
FNDA:0,(anonymous_25)
DA:39,0
DA:40,0
DA:41,0
DA:43,0
DA:44,0
DA:45,0
DA:46,0
DA:48,0
DA:49,0
DA:50,0
DA:51,0
DA:52,0
DA:53,0
DA:55,0
DA:56,0
DA:57,0
DA:58,0
DA:59,0
DA:60,0
DA:61,0
DA:62,0
DA:63,0
DA:66,0
DA:67,0
DA:68,0
DA:69,0
DA:70,0
DA:73,0
DA:74,0
DA:75,0
DA:76,0
DA:78,0
DA:79,0
DA:80,0
DA:81,0
DA:82,0
DA:83,0
DA:86,0
DA:87,0
DA:88,0
DA:89,0
DA:90,0
DA:92,0
DA:93,0
DA:94,0
DA:97,0
DA:98,0
DA:100,0
DA:102,0
DA:103,0
DA:106,0
DA:107,0
DA:109,0
DA:110,0
DA:113,0
DA:114,0
DA:116,0
DA:117,0
DA:118,0
DA:119,0
DA:123,0
DA:124,0
DA:125,0
DA:126,0
DA:127,0
DA:128,0
DA:129,0
DA:130,0
DA:133,0
DA:134,0
DA:137,0
DA:138,0
DA:139,0
DA:140,0
DA:144,0
DA:145,0
DA:146,0
DA:147,0
DA:149,0
DA:151,0
DA:152,0
DA:157,0
DA:159,0
DA:165,0
DA:166,0
DA:168,0
DA:169,0
DA:170,0
DA:173,0
DA:174,0
DA:177,0
DA:180,0
DA:181,0
DA:182,0
DA:183,0
DA:184,0
DA:185,0
DA:187,0
DA:189,0
DA:190,0
DA:192,0
DA:193,0
DA:194,0
DA:197,0
DA:198,0
DA:199,0
DA:200,0
DA:201,0
DA:205,0
DA:206,0
DA:207,0
DA:208,0
DA:215,0
DA:220,0
DA:222,0
DA:223,0
DA:227,0
DA:257,0
DA:267,0
DA:285,0
DA:286,0
DA:299,0
DA:310,0
DA:321,0
LF:124
LH:0
BRDA:74,0,0,0
BRDA:74,0,1,0
BRDA:75,1,0,0
BRDA:75,1,1,0
BRDA:76,2,0,0
BRDA:76,2,1,0
BRDA:87,3,0,0
BRDA:87,3,1,0
BRDA:88,4,0,0
BRDA:88,4,1,0
BRDA:89,5,0,0
BRDA:89,5,1,0
BRDA:89,6,0,0
BRDA:89,6,1,0
BRDA:90,7,0,0
BRDA:90,7,1,0
BRDA:93,8,0,0
BRDA:93,8,1,0
BRDA:98,9,0,0
BRDA:98,9,1,0
BRDA:98,10,0,0
BRDA:98,10,1,0
BRDA:98,10,2,0
BRDA:98,10,3,0
BRDA:107,11,0,0
BRDA:107,11,1,0
BRDA:125,12,0,0
BRDA:125,12,1,0
BRDA:126,13,0,0
BRDA:126,13,1,0
BRDA:128,14,0,0
BRDA:128,14,1,0
BRDA:129,15,0,0
BRDA:129,15,1,0
BRDA:129,16,0,0
BRDA:129,16,1,0
BRDA:129,16,2,0
BRDA:138,17,0,0
BRDA:138,17,1,0
BRDA:139,18,0,0
BRDA:139,18,1,0
BRDA:139,19,0,0
BRDA:139,19,1,0
BRDA:145,20,0,0
BRDA:145,20,1,0
BRDA:149,21,0,0
BRDA:149,21,1,0
BRDA:166,22,0,0
BRDA:166,22,1,0
BRDA:166,23,0,0
BRDA:166,23,1,0
BRDA:166,23,2,0
BRDA:168,24,0,0
BRDA:168,24,1,0
BRDA:181,25,0,0
BRDA:181,25,1,0
BRDA:192,26,0,0
BRDA:192,26,1,0
BRDA:197,27,0,0
BRDA:197,27,1,0
BRDA:215,28,0,0
BRDA:215,28,1,0
BRDA:215,28,2,0
BRDA:215,28,3,0
BRDA:215,28,4,0
BRDA:220,29,0,0
BRDA:220,29,1,0
BRDA:222,30,0,0
BRDA:222,30,1,0
BRDA:222,31,0,0
BRDA:222,31,1,0
BRDA:244,32,0,0
BRDA:244,32,1,0
BRDA:260,33,0,0
BRDA:260,33,1,0
BRDA:285,34,0,0
BRDA:285,34,1,0
BRDA:291,35,0,0
BRDA:291,35,1,0
BRDA:293,36,0,0
BRDA:293,36,1,0
BRDA:298,37,0,0
BRDA:298,37,1,0
BRDA:298,37,2,0
BRF:84
BRH:0
end_of_record
TN:
SF:src\components\DrugReport.tsx
FN:19,isInsulin
FN:28,classifyTier
FN:81,buildDrugReport
FN:82,(anonymous_3)
FN:104,DrugReport
FN:107,(anonymous_5)
FN:108,(anonymous_6)
FN:133,(anonymous_7)
FN:148,(anonymous_8)
FNF:9
FNH:4
FNDA:16,isInsulin
FNDA:16,classifyTier
FNDA:11,buildDrugReport
FNDA:16,(anonymous_3)
FNDA:0,DrugReport
FNDA:0,(anonymous_5)
FNDA:0,(anonymous_6)
FNDA:0,(anonymous_7)
FNDA:0,(anonymous_8)
DA:20,16
DA:29,16
DA:30,16
DA:31,0
DA:37,16
DA:38,1
DA:44,15
DA:45,16
DA:47,15
DA:48,12
DA:53,3
DA:60,0
DA:61,0
DA:67,0
DA:68,0
DA:74,0
DA:82,11
DA:83,16
DA:84,16
DA:85,16
DA:86,16
DA:87,16
DA:88,16
DA:105,0
DA:106,0
DA:107,0
DA:108,0
DA:110,0
DA:134,0
DA:149,0
LF:30
LH:17
BRDA:21,0,0,16
BRDA:21,0,1,16
BRDA:29,1,0,16
BRDA:29,1,1,0
BRDA:30,2,0,0
BRDA:30,2,1,16
BRDA:37,3,0,1
BRDA:37,3,1,15
BRDA:44,4,0,15
BRDA:44,4,1,15
BRDA:45,5,0,15
BRDA:45,5,1,1
BRDA:47,6,0,12
BRDA:47,6,1,3
BRDA:60,7,0,0
BRDA:60,7,1,0
BRDA:67,8,0,0
BRDA:67,8,1,0
BRDA:85,9,0,0
BRDA:85,9,1,16
BRDA:86,10,0,0
BRDA:86,10,1,16
BRDA:87,11,0,0
BRDA:87,11,1,16
BRDA:89,12,0,16
BRDA:89,12,1,0
BRDA:94,13,0,16
BRDA:94,13,1,0
BRDA:105,14,0,0
BRDA:105,14,1,0
BRDA:136,15,0,0
BRDA:136,15,1,0
BRDA:140,16,0,0
BRDA:140,16,1,0
BRF:34
BRH:17
end_of_record
TN:
SF:src\components\EducationalBenchmarkReport.tsx
FN:122,SectionHeading
FN:153,StatRow
FN:182,BenchmarkReportBrandFooter
FN:201,BenchmarkReportActionBar
FN:295,BenchmarkReportZipLine
FN:304,BenchmarkReportHeaderToolbar
FN:372,EducationalBenchmarkReportView
FN:395,(anonymous_7)
FN:405,(anonymous_8)
FN:416,(anonymous_9)
FN:420,(anonymous_10)
FN:424,(anonymous_11)
FN:428,(anonymous_12)
FN:430,(anonymous_13)
FN:443,(anonymous_14)
FN:471,(anonymous_15)
FN:500,(anonymous_16)
FN:529,(anonymous_17)
FN:533,(anonymous_18)
FN:538,(anonymous_19)
FN:570,(anonymous_20)
FN:599,(anonymous_21)
FN:613,(anonymous_22)
FN:619,(anonymous_23)
FN:625,(anonymous_24)
FN:630,(anonymous_25)
FN:634,(anonymous_26)
FN:644,(anonymous_27)
FN:685,(anonymous_28)
FN:779,(anonymous_29)
FN:780,(anonymous_30)
FN:781,(anonymous_31)
FN:782,(anonymous_32)
FN:783,(anonymous_33)
FN:826,(anonymous_34)
FN:827,(anonymous_35)
FN:828,(anonymous_36)
FN:829,(anonymous_37)
FN:830,(anonymous_38)
FN:846,(anonymous_39)
FN:873,(anonymous_40)
FN:896,(anonymous_41)
FN:922,(anonymous_42)
FN:1069,(anonymous_43)
FN:1090,(anonymous_44)
FNF:45
FNH:0
FNDA:0,SectionHeading
FNDA:0,StatRow
FNDA:0,BenchmarkReportBrandFooter
FNDA:0,BenchmarkReportActionBar
FNDA:0,BenchmarkReportZipLine
FNDA:0,BenchmarkReportHeaderToolbar
FNDA:0,EducationalBenchmarkReportView
FNDA:0,(anonymous_7)
FNDA:0,(anonymous_8)
FNDA:0,(anonymous_9)
FNDA:0,(anonymous_10)
FNDA:0,(anonymous_11)
FNDA:0,(anonymous_12)
FNDA:0,(anonymous_13)
FNDA:0,(anonymous_14)
FNDA:0,(anonymous_15)
FNDA:0,(anonymous_16)
FNDA:0,(anonymous_17)
FNDA:0,(anonymous_18)
FNDA:0,(anonymous_19)
FNDA:0,(anonymous_20)
FNDA:0,(anonymous_21)
FNDA:0,(anonymous_22)
FNDA:0,(anonymous_23)
FNDA:0,(anonymous_24)
FNDA:0,(anonymous_25)
FNDA:0,(anonymous_26)
FNDA:0,(anonymous_27)
FNDA:0,(anonymous_28)
FNDA:0,(anonymous_29)
FNDA:0,(anonymous_30)
FNDA:0,(anonymous_31)
FNDA:0,(anonymous_32)
FNDA:0,(anonymous_33)
FNDA:0,(anonymous_34)
FNDA:0,(anonymous_35)
FNDA:0,(anonymous_36)
FNDA:0,(anonymous_37)
FNDA:0,(anonymous_38)
FNDA:0,(anonymous_39)
FNDA:0,(anonymous_40)
FNDA:0,(anonymous_41)
FNDA:0,(anonymous_42)
FNDA:0,(anonymous_43)
FNDA:0,(anonymous_44)
DA:117,0
DA:118,0
DA:119,0
DA:120,0
DA:131,0
DA:162,0
DA:183,0
DA:230,0
DA:284,0
DA:285,0
DA:288,0
DA:296,0
DA:337,0
DA:338,0
DA:341,0
DA:381,0
DA:382,0
DA:383,0
DA:384,0
DA:385,0
DA:386,0
DA:387,0
DA:388,0
DA:389,0
DA:390,0
DA:391,0
DA:392,0
DA:395,0
DA:396,0
DA:398,0
DA:399,0
DA:400,0
DA:401,0
DA:402,0
DA:403,0
DA:405,0
DA:406,0
DA:407,0
DA:411,0
DA:415,0
DA:416,0
DA:420,0
DA:421,0
DA:424,0
DA:425,0
DA:428,0
DA:429,0
DA:430,0
DA:431,0
DA:436,0
DA:437,0
DA:438,0
DA:440,0
DA:443,0
DA:444,0
DA:445,0
DA:446,0
DA:447,0
DA:448,0
DA:449,0
DA:451,0
DA:452,0
DA:458,0
DA:462,0
DA:464,0
DA:465,0
DA:467,0
DA:471,0
DA:472,0
DA:473,0
DA:474,0
DA:475,0
DA:476,0
DA:477,0
DA:478,0
DA:479,0
DA:480,0
DA:485,0
DA:486,0
DA:488,0
DA:492,0
DA:493,0
DA:494,0
DA:500,0
DA:501,0
DA:502,0
DA:508,0
DA:512,0
DA:516,0
DA:517,0
DA:521,0
DA:522,0
DA:529,0
DA:530,0
DA:533,0
DA:534,0
DA:535,0
DA:538,0
DA:539,0
DA:540,0
DA:546,0
DA:551,0
DA:555,0
DA:561,0
DA:570,0
DA:571,0
DA:578,0
DA:579,0
DA:580,0
DA:586,0
DA:591,0
DA:596,0
DA:599,0
DA:601,0
DA:602,0
DA:603,0
DA:604,0
DA:605,0
DA:606,0
DA:608,0
DA:609,0
DA:610,0
DA:613,0
DA:614,0
DA:615,0
DA:616,0
DA:619,0
DA:620,0
DA:621,0
DA:625,0
DA:626,0
DA:627,0
DA:628,0
DA:629,0
DA:630,0
DA:634,0
DA:635,0
DA:636,0
DA:637,0
DA:638,0
DA:640,0
DA:644,0
DA:645,0
DA:646,0
DA:647,0
DA:648,0
DA:649,0
DA:656,0
DA:657,0
DA:665,0
DA:666,0
DA:669,0
DA:672,0
DA:674,0
DA:675,0
DA:681,0
DA:685,0
DA:686,0
DA:687,0
DA:688,0
DA:689,0
DA:690,0
DA:696,0
DA:697,0
DA:699,0
DA:700,0
DA:702,0
DA:706,0
DA:779,0
DA:780,0
DA:781,0
DA:782,0
DA:783,0
DA:826,0
DA:827,0
DA:828,0
DA:829,0
DA:830,0
DA:846,0
DA:874,0
DA:896,0
DA:922,0
DA:1069,0
DA:1090,0
LF:184
LH:0
BRDA:156,0,0,0
BRDA:166,1,0,0
BRDA:166,1,1,0
BRDA:169,2,0,0
BRDA:169,2,1,0
BRDA:173,3,0,0
BRDA:173,3,1,0
BRDA:205,4,0,0
BRDA:207,5,0,0
BRDA:208,6,0,0
BRDA:209,7,0,0
BRDA:231,8,0,0
BRDA:231,8,1,0
BRDA:231,9,0,0
BRDA:231,9,1,0
BRDA:235,10,0,0
BRDA:235,10,1,0
BRDA:238,11,0,0
BRDA:238,11,1,0
BRDA:238,11,2,0
BRDA:242,12,0,0
BRDA:242,12,1,0
BRDA:251,13,0,0
BRDA:251,13,1,0
BRDA:251,14,0,0
BRDA:251,14,1,0
BRDA:251,14,2,0
BRDA:255,15,0,0
BRDA:255,15,1,0
BRDA:257,16,0,0
BRDA:257,16,1,0
BRDA:258,17,0,0
BRDA:258,17,1,0
BRDA:258,17,2,0
BRDA:262,18,0,0
BRDA:262,18,1,0
BRDA:266,19,0,0
BRDA:266,19,1,0
BRDA:268,20,0,0
BRDA:268,20,1,0
BRDA:268,20,2,0
BRDA:272,21,0,0
BRDA:272,21,1,0
BRDA:272,22,0,0
BRDA:272,22,1,0
BRDA:276,23,0,0
BRDA:276,23,1,0
BRDA:278,24,0,0
BRDA:278,24,1,0
BRDA:278,24,2,0
BRDA:284,25,0,0
BRDA:284,25,1,0
BRDA:308,26,0,0
BRDA:310,27,0,0
BRDA:311,28,0,0
BRDA:312,29,0,0
BRDA:337,30,0,0
BRDA:337,30,1,0
BRDA:337,31,0,0
BRDA:337,31,1,0
BRDA:343,32,0,0
BRDA:343,32,1,0
BRDA:377,33,0,0
BRDA:378,34,0,0
BRDA:393,35,0,0
BRDA:393,35,1,0
BRDA:396,36,0,0
BRDA:396,36,1,0
BRDA:406,37,0,0
BRDA:406,37,1,0
BRDA:406,38,0,0
BRDA:406,38,1,0
BRDA:411,39,0,0
BRDA:411,39,1,0
BRDA:416,40,0,0
BRDA:416,40,1,0
BRDA:425,41,0,0
BRDA:425,41,1,0
BRDA:429,42,0,0
BRDA:429,42,1,0
BRDA:436,43,0,0
BRDA:436,43,1,0
BRDA:444,44,0,0
BRDA:444,44,1,0
BRDA:444,45,0,0
BRDA:444,45,1,0
BRDA:444,45,2,0
BRDA:472,46,0,0
BRDA:472,46,1,0
BRDA:472,47,0,0
BRDA:472,47,1,0
BRDA:497,48,0,0
BRDA:497,48,1,0
BRDA:501,49,0,0
BRDA:501,49,1,0
BRDA:501,50,0,0
BRDA:501,50,1,0
BRDA:501,50,2,0
BRDA:534,51,0,0
BRDA:534,51,1,0
BRDA:535,52,0,0
BRDA:535,52,1,0
BRDA:539,53,0,0
BRDA:539,53,1,0
BRDA:539,54,0,0
BRDA:539,54,1,0
BRDA:539,54,2,0
BRDA:551,55,0,0
BRDA:551,55,1,0
BRDA:555,56,0,0
BRDA:555,56,1,0
BRDA:579,57,0,0
BRDA:579,57,1,0
BRDA:601,58,0,0
BRDA:601,58,1,0
BRDA:601,58,2,0
BRDA:602,59,0,0
BRDA:602,59,1,0
BRDA:613,60,0,0
BRDA:614,61,0,0
BRDA:614,61,1,0
BRDA:614,62,0,0
BRDA:614,62,1,0
BRDA:620,63,0,0
BRDA:620,63,1,0
BRDA:620,64,0,0
BRDA:620,64,1,0
BRDA:627,65,0,0
BRDA:627,65,1,0
BRDA:645,66,0,0
BRDA:645,66,1,0
BRDA:656,67,0,0
BRDA:656,67,1,0
BRDA:676,68,0,0
BRDA:676,68,1,0
BRDA:686,69,0,0
BRDA:686,69,1,0
BRDA:730,70,0,0
BRDA:730,70,1,0
BRDA:730,71,0,0
BRDA:730,71,1,0
BRDA:735,72,0,0
BRDA:735,72,1,0
BRDA:735,73,0,0
BRDA:735,73,1,0
BRDA:742,74,0,0
BRDA:742,74,1,0
BRDA:744,75,0,0
BRDA:744,75,1,0
BRDA:744,76,0,0
BRDA:744,76,1,0
BRDA:747,77,0,0
BRDA:747,77,1,0
BRDA:756,78,0,0
BRDA:756,78,1,0
BRDA:756,79,0,0
BRDA:756,79,1,0
BRDA:756,79,2,0
BRDA:756,79,3,0
BRDA:760,80,0,0
BRDA:760,80,1,0
BRDA:763,81,0,0
BRDA:763,81,1,0
BRDA:790,82,0,0
BRDA:790,82,1,0
BRDA:795,83,0,0
BRDA:795,83,1,0
BRDA:798,84,0,0
BRDA:798,84,1,0
BRDA:816,85,0,0
BRDA:816,85,1,0
BRDA:816,86,0,0
BRDA:816,86,1,0
BRDA:846,87,0,0
BRDA:846,87,1,0
BRDA:852,88,0,0
BRDA:852,88,1,0
BRDA:852,89,0,0
BRDA:852,89,1,0
BRDA:871,90,0,0
BRDA:871,90,1,0
BRDA:881,91,0,0
BRDA:881,91,1,0
BRDA:881,92,0,0
BRDA:881,92,1,0
BRDA:892,93,0,0
BRDA:892,93,1,0
BRDA:892,94,0,0
BRDA:892,94,1,0
BRDA:897,95,0,0
BRDA:897,95,1,0
BRDA:897,95,2,0
BRDA:900,96,0,0
BRDA:900,96,1,0
BRDA:905,97,0,0
BRDA:905,97,1,0
BRDA:922,98,0,0
BRDA:922,98,1,0
BRDA:1027,99,0,0
BRDA:1027,99,1,0
BRDA:1050,100,0,0
BRDA:1050,100,1,0
BRDA:1069,101,0,0
BRDA:1069,101,1,0
BRDA:1090,102,0,0
BRDA:1090,102,1,0
BRDA:1099,103,0,0
BRDA:1099,103,1,0
BRDA:1100,104,0,0
BRDA:1100,104,1,0
BRF:210
BRH:0
end_of_record
TN:
SF:src\components\EducationalIntakeForm.tsx
FN:58,RadioOption
FN:91,CompactChoice
FN:124,FieldLegend
FN:133,EducationalIntakeForm
FN:207,(anonymous_4)
FN:214,(anonymous_5)
FN:222,(anonymous_6)
FN:227,(anonymous_7)
FN:233,(anonymous_8)
FN:238,(anonymous_9)
FN:242,(anonymous_10)
FN:247,(anonymous_11)
FN:248,(anonymous_12)
FN:249,(anonymous_13)
FN:253,(anonymous_14)
FN:271,(anonymous_15)
FN:299,(anonymous_16)
FN:327,(anonymous_17)
FN:391,(anonymous_18)
FN:396,(anonymous_19)
FN:398,(anonymous_20)
FN:442,(anonymous_21)
FN:442,(anonymous_22)
FN:477,(anonymous_23)
FN:491,(anonymous_24)
FN:500,(anonymous_25)
FN:506,(anonymous_26)
FN:520,(anonymous_27)
FN:528,(anonymous_28)
FN:549,(anonymous_29)
FN:579,(anonymous_30)
FN:587,(anonymous_31)
FN:595,(anonymous_32)
FN:603,(anonymous_33)
FN:611,(anonymous_34)
FN:629,(anonymous_35)
FN:640,(anonymous_36)
FN:652,(anonymous_37)
FN:667,(anonymous_38)
FN:685,(anonymous_39)
FN:700,(anonymous_40)
FN:778,(anonymous_41)
FN:823,(anonymous_42)
FN:831,(anonymous_43)
FN:839,(anonymous_44)
FN:853,(anonymous_45)
FN:861,(anonymous_46)
FN:880,(anonymous_47)
FN:907,(anonymous_48)
FN:921,(anonymous_49)
FNF:50
FNH:0
FNDA:0,RadioOption
FNDA:0,CompactChoice
FNDA:0,FieldLegend
FNDA:0,EducationalIntakeForm
FNDA:0,(anonymous_4)
FNDA:0,(anonymous_5)
FNDA:0,(anonymous_6)
FNDA:0,(anonymous_7)
FNDA:0,(anonymous_8)
FNDA:0,(anonymous_9)
FNDA:0,(anonymous_10)
FNDA:0,(anonymous_11)
FNDA:0,(anonymous_12)
FNDA:0,(anonymous_13)
FNDA:0,(anonymous_14)
FNDA:0,(anonymous_15)
FNDA:0,(anonymous_16)
FNDA:0,(anonymous_17)
FNDA:0,(anonymous_18)
FNDA:0,(anonymous_19)
FNDA:0,(anonymous_20)
FNDA:0,(anonymous_21)
FNDA:0,(anonymous_22)
FNDA:0,(anonymous_23)
FNDA:0,(anonymous_24)
FNDA:0,(anonymous_25)
FNDA:0,(anonymous_26)
FNDA:0,(anonymous_27)
FNDA:0,(anonymous_28)
FNDA:0,(anonymous_29)
FNDA:0,(anonymous_30)
FNDA:0,(anonymous_31)
FNDA:0,(anonymous_32)
FNDA:0,(anonymous_33)
FNDA:0,(anonymous_34)
FNDA:0,(anonymous_35)
FNDA:0,(anonymous_36)
FNDA:0,(anonymous_37)
FNDA:0,(anonymous_38)
FNDA:0,(anonymous_39)
FNDA:0,(anonymous_40)
FNDA:0,(anonymous_41)
FNDA:0,(anonymous_42)
FNDA:0,(anonymous_43)
FNDA:0,(anonymous_44)
FNDA:0,(anonymous_45)
FNDA:0,(anonymous_46)
FNDA:0,(anonymous_47)
FNDA:0,(anonymous_48)
FNDA:0,(anonymous_49)
DA:48,0
DA:50,0
DA:71,0
DA:104,0
DA:125,0
DA:134,0
DA:135,0
DA:136,0
DA:138,0
DA:139,0
DA:140,0
DA:141,0
DA:142,0
DA:143,0
DA:144,0
DA:147,0
DA:148,0
DA:150,0
DA:160,0
DA:162,0
DA:183,0
DA:185,0
DA:186,0
DA:187,0
DA:189,0
DA:201,0
DA:203,0
DA:204,0
DA:206,0
DA:207,0
DA:210,0
DA:212,0
DA:214,0
DA:215,0
DA:216,0
DA:217,0
DA:218,0
DA:222,0
DA:223,0
DA:224,0
DA:227,0
DA:228,0
DA:229,0
DA:230,0
DA:233,0
DA:234,0
DA:235,0
DA:238,0
DA:239,0
DA:242,0
DA:243,0
DA:244,0
DA:247,0
DA:248,0
DA:249,0
DA:253,0
DA:255,0
DA:256,0
DA:266,0
DA:268,0
DA:269,0
DA:270,0
DA:271,0
DA:273,0
DA:299,0
DA:300,0
DA:301,0
DA:302,0
DA:303,0
DA:305,0
DA:306,0
DA:307,0
DA:309,0
DA:310,0
DA:311,0
DA:313,0
DA:314,0
DA:315,0
DA:317,0
DA:318,0
DA:319,0
DA:321,0
DA:322,0
DA:323,0
DA:325,0
DA:326,0
DA:327,0
DA:329,0
DA:331,0
DA:332,0
DA:333,0
DA:335,0
DA:336,0
DA:337,0
DA:339,0
DA:340,0
DA:341,0
DA:343,0
DA:344,0
DA:345,0
DA:347,0
DA:349,0
DA:350,0
DA:352,0
DA:353,0
DA:354,0
DA:355,0
DA:356,0
DA:358,0
DA:360,0
DA:361,0
DA:362,0
DA:363,0
DA:365,0
DA:366,0
DA:367,0
DA:369,0
DA:370,0
DA:371,0
DA:373,0
DA:375,0
DA:376,0
DA:382,0
DA:383,0
DA:384,0
DA:386,0
DA:388,0
DA:391,0
DA:392,0
DA:393,0
DA:396,0
DA:398,0
DA:399,0
DA:400,0
DA:407,0
DA:409,0
DA:410,0
DA:411,0
DA:413,0
DA:414,0
DA:416,0
DA:417,0
DA:418,0
DA:419,0
DA:420,0
DA:421,0
DA:422,0
DA:423,0
DA:428,0
DA:430,0
DA:433,0
DA:435,0
DA:439,0
DA:442,0
DA:443,0
DA:478,0
DA:479,0
DA:480,0
DA:481,0
DA:483,0
DA:484,0
DA:492,0
DA:501,0
DA:506,0
DA:520,0
DA:528,0
DA:549,0
DA:579,0
DA:587,0
DA:595,0
DA:603,0
DA:611,0
DA:630,0
DA:631,0
DA:641,0
DA:642,0
DA:652,0
DA:667,0
DA:686,0
DA:700,0
DA:778,0
DA:823,0
DA:831,0
DA:839,0
DA:853,0
DA:862,0
DA:863,0
DA:880,0
DA:908,0
DA:921,0
LF:190
LH:0
BRDA:75,0,0,0
BRDA:75,0,1,0
BRDA:108,1,0,0
BRDA:108,1,1,0
BRDA:128,2,0,0
BRDA:128,2,1,0
BRDA:207,3,0,0
BRDA:207,3,1,0
BRDA:210,4,0,0
BRDA:210,4,1,0
BRDA:212,5,0,0
BRDA:212,5,1,0
BRDA:216,6,0,0
BRDA:216,6,1,0
BRDA:223,7,0,0
BRDA:223,7,1,0
BRDA:224,8,0,0
BRDA:224,8,1,0
BRDA:224,9,0,0
BRDA:224,9,1,0
BRDA:228,10,0,0
BRDA:228,10,1,0
BRDA:230,11,0,0
BRDA:230,11,1,0
BRDA:234,12,0,0
BRDA:234,12,1,0
BRDA:249,13,0,0
BRDA:249,13,1,0
BRDA:253,14,0,0
BRDA:255,15,0,0
BRDA:255,15,1,0
BRDA:256,16,0,0
BRDA:256,16,1,0
BRDA:257,17,0,0
BRDA:257,17,1,0
BRDA:257,17,2,0
BRDA:257,17,3,0
BRDA:257,17,4,0
BRDA:257,17,5,0
BRDA:257,17,6,0
BRDA:257,17,7,0
BRDA:257,17,8,0
BRDA:268,18,0,0
BRDA:268,18,1,0
BRDA:280,19,0,0
BRDA:280,19,1,0
BRDA:300,20,0,0
BRDA:300,20,1,0
BRDA:301,21,0,0
BRDA:301,21,1,0
BRDA:305,22,0,0
BRDA:305,22,1,0
BRDA:305,23,0,0
BRDA:305,23,1,0
BRDA:309,24,0,0
BRDA:309,24,1,0
BRDA:313,25,0,0
BRDA:313,25,1,0
BRDA:317,26,0,0
BRDA:317,26,1,0
BRDA:321,27,0,0
BRDA:321,27,1,0
BRDA:325,28,0,0
BRDA:325,28,1,0
BRDA:325,29,0,0
BRDA:325,29,1,0
BRDA:331,30,0,0
BRDA:331,30,1,0
BRDA:335,31,0,0
BRDA:335,31,1,0
BRDA:339,32,0,0
BRDA:339,32,1,0
BRDA:339,33,0,0
BRDA:339,33,1,0
BRDA:343,34,0,0
BRDA:343,34,1,0
BRDA:349,35,0,0
BRDA:349,35,1,0
BRDA:352,36,0,0
BRDA:352,36,1,0
BRDA:354,37,0,0
BRDA:354,37,1,0
BRDA:360,38,0,0
BRDA:360,38,1,0
BRDA:361,39,0,0
BRDA:361,39,1,0
BRDA:365,40,0,0
BRDA:365,40,1,0
BRDA:369,41,0,0
BRDA:369,41,1,0
BRDA:369,42,0,0
BRDA:369,42,1,0
BRDA:375,43,0,0
BRDA:375,43,1,0
BRDA:382,44,0,0
BRDA:382,44,1,0
BRDA:392,45,0,0
BRDA:392,45,1,0
BRDA:400,46,0,0
BRDA:400,46,1,0
BRDA:401,47,0,0
BRDA:401,47,1,0
BRDA:401,47,2,0
BRDA:401,47,3,0
BRDA:401,47,4,0
BRDA:409,48,0,0
BRDA:409,48,1,0
BRDA:414,49,0,0
BRDA:414,49,1,0
BRDA:430,50,0,0
BRDA:430,50,1,0
BRDA:430,51,0,0
BRDA:430,51,1,0
BRDA:447,52,0,0
BRDA:447,52,1,0
BRDA:454,53,0,0
BRDA:454,53,1,0
BRDA:479,54,0,0
BRDA:479,54,1,0
BRDA:484,55,0,0
BRDA:484,55,1,0
BRDA:618,56,0,0
BRDA:618,56,1,0
BRDA:657,57,0,0
BRDA:657,57,1,0
BRDA:690,58,0,0
BRDA:690,58,1,0
BRDA:712,59,0,0
BRDA:712,59,1,0
BRDA:736,60,0,0
BRDA:736,60,1,0
BRDA:773,61,0,0
BRDA:773,61,1,0
BRDA:777,62,0,0
BRDA:777,62,1,0
BRDA:778,63,0,0
BRDA:778,63,1,0
BRDA:783,64,0,0
BRDA:783,64,1,0
BRDA:783,65,0,0
BRDA:783,65,1,0
BRDA:786,66,0,0
BRDA:786,66,1,0
BRDA:789,67,0,0
BRDA:789,67,1,0
BRDA:792,68,0,0
BRDA:792,68,1,0
BRDA:796,69,0,0
BRDA:796,69,1,0
BRDA:805,70,0,0
BRDA:805,70,1,0
BRDA:871,71,0,0
BRDA:871,71,1,0
BRDA:891,72,0,0
BRDA:891,72,1,0
BRDA:912,73,0,0
BRDA:912,73,1,0
BRDA:941,74,0,0
BRDA:941,74,1,0
BRDA:950,75,0,0
BRDA:950,75,1,0
BRDA:962,76,0,0
BRDA:962,76,1,0
BRF:163
BRH:0
end_of_record
TN:
SF:src\components\ExpertOptInDialog.tsx
FN:63,resetConsentState
FN:79,ExpertOptInDialog
FN:103,(anonymous_2)
FN:171,(anonymous_3)
FN:225,(anonymous_4)
FN:242,(anonymous_5)
FN:259,(anonymous_6)
FN:269,(anonymous_7)
FN:284,(anonymous_8)
FN:292,(anonymous_9)
FN:313,(anonymous_10)
FNF:11
FNH:0
FNDA:0,resetConsentState
FNDA:0,ExpertOptInDialog
FNDA:0,(anonymous_2)
FNDA:0,(anonymous_3)
FNDA:0,(anonymous_4)
FNDA:0,(anonymous_5)
FNDA:0,(anonymous_6)
FNDA:0,(anonymous_7)
FNDA:0,(anonymous_8)
FNDA:0,(anonymous_9)
FNDA:0,(anonymous_10)
DA:39,0
DA:54,0
DA:71,0
DA:72,0
DA:73,0
DA:74,0
DA:75,0
DA:76,0
DA:88,0
DA:89,0
DA:90,0
DA:91,0
DA:92,0
DA:93,0
DA:94,0
DA:95,0
DA:96,0
DA:97,0
DA:98,0
DA:100,0
DA:101,0
DA:103,0
DA:104,0
DA:105,0
DA:106,0
DA:107,0
DA:109,0
DA:110,0
DA:111,0
DA:113,0
DA:114,0
DA:115,0
DA:116,0
DA:118,0
DA:119,0
DA:120,0
DA:123,0
DA:124,0
DA:128,0
DA:145,0
DA:146,0
DA:149,0
DA:157,0
DA:158,0
DA:160,0
DA:162,0
DA:165,0
DA:167,0
DA:171,0
DA:172,0
DA:173,0
DA:174,0
DA:183,0
DA:186,0
DA:225,0
DA:242,0
DA:259,0
DA:269,0
DA:284,0
DA:292,0
DA:313,0
LF:61
LH:0
BRDA:86,0,0,0
BRDA:97,1,0,0
BRDA:97,1,1,0
BRDA:101,2,0,0
BRDA:101,2,1,0
BRDA:105,3,0,0
BRDA:105,3,1,0
BRDA:109,4,0,0
BRDA:109,4,1,0
BRDA:114,5,0,0
BRDA:114,5,1,0
BRDA:115,6,0,0
BRDA:115,6,1,0
BRDA:120,7,0,0
BRDA:120,7,1,0
BRDA:123,8,0,0
BRDA:123,8,1,0
BRDA:123,9,0,0
BRDA:123,9,1,0
BRDA:133,10,0,0
BRDA:133,10,1,0
BRDA:134,11,0,0
BRDA:134,11,1,0
BRDA:162,12,0,0
BRDA:162,12,1,0
BRDA:162,13,0,0
BRDA:162,13,1,0
BRDA:172,14,0,0
BRDA:172,14,1,0
BRDA:172,15,0,0
BRDA:172,15,1,0
BRDA:173,16,0,0
BRDA:173,16,1,0
BRDA:198,17,0,0
BRDA:198,17,1,0
BRDA:303,18,0,0
BRDA:303,18,1,0
BRDA:320,19,0,0
BRDA:320,19,1,0
BRF:39
BRH:0
end_of_record
TN:
SF:src\components\FontSizeToggle.tsx
FN:10,applyScale
FN:14,FontSizeToggle
FN:18,(anonymous_2)
FN:22,(anonymous_3)
FN:29,(anonymous_4)
FN:38,(anonymous_5)
FNF:6
FNH:4
FNDA:1,applyScale
FNDA:2,FontSizeToggle
FNDA:1,(anonymous_2)
FNDA:1,(anonymous_3)
FNDA:0,(anonymous_4)
FNDA:0,(anonymous_5)
DA:7,1
DA:8,1
DA:11,1
DA:15,2
DA:16,2
DA:18,2
DA:19,1
DA:20,1
DA:22,1
DA:24,1
DA:25,1
DA:26,1
DA:29,2
DA:30,0
DA:31,0
DA:32,0
DA:33,0
DA:34,0
DA:38,2
DA:39,0
DA:40,0
DA:41,0
DA:42,0
DA:43,0
DA:47,2
DA:48,2
DA:50,2
LF:27
LH:17
BRDA:14,0,0,2
BRDA:19,1,0,1
BRDA:19,1,1,1
BRDA:24,2,0,0
BRDA:24,2,1,1
BRDA:31,3,0,0
BRDA:31,3,1,0
BRDA:40,4,0,0
BRDA:40,4,1,0
BRDA:54,5,0,0
BRDA:54,5,1,2
BRDA:67,6,0,0
BRDA:67,6,1,2
BRDA:75,7,0,0
BRDA:75,7,1,2
BRDA:79,8,0,0
BRDA:79,8,1,2
BRDA:94,9,0,0
BRDA:94,9,1,2
BRF:19
BRH:9
end_of_record
TN:
SF:src\components\GlassCollapsibleCard.tsx
FN:11,GlassCollapsibleCard
FNF:1
FNH:0
FNDA:0,GlassCollapsibleCard
DA:32,0
DA:34,0
LF:2
LH:0
BRDA:16,0,0,0
BRDA:43,1,0,0
BRDA:43,1,1,0
BRDA:46,2,0,0
BRDA:46,2,1,0
BRDA:56,3,0,0
BRDA:56,3,1,0
BRF:7
BRH:0
end_of_record
TN:
SF:src\components\HomeCoverHero.tsx
FN:18,HomeCoverHero
FNF:1
FNH:0
FNDA:0,HomeCoverHero
DA:7,0
DA:8,0
DA:9,0
DA:10,0
DA:20,0
DA:31,0
DA:32,0
DA:42,0
LF:8
LH:0
BRDA:18,0,0,0
BRDA:31,1,0,0
BRDA:31,1,1,0
BRF:3
BRH:0
end_of_record
TN:
SF:src\components\HomeHowItWorksVideo.tsx
FN:15,HomeHowItWorksVideo
FN:19,(anonymous_1)
FN:89,(anonymous_2)
FN:100,(anonymous_3)
FNF:4
FNH:0
FNDA:0,HomeHowItWorksVideo
FNDA:0,(anonymous_1)
FNDA:0,(anonymous_2)
FNDA:0,(anonymous_3)
DA:8,0
DA:9,0
DA:16,0
DA:17,0
DA:19,0
DA:20,0
DA:21,0
DA:22,0
DA:23,0
DA:24,0
DA:25,0
DA:27,0
DA:28,0
DA:29,0
DA:33,0
DA:89,0
DA:100,0
LF:17
LH:0
BRDA:21,0,0,0
BRDA:21,0,1,0
BRDA:94,1,0,0
BRDA:94,1,1,0
BRF:4
BRH:0
end_of_record
TN:
SF:src\components\InlineTestNote.tsx
FN:6,InlineTestNote
FN:102,(anonymous_1)
FNF:2
FNH:0
FNDA:0,InlineTestNote
FNDA:0,(anonymous_1)
DA:45,0
DA:46,0
DA:48,0
DA:49,0
DA:50,0
DA:51,0
DA:52,0
DA:54,0
DA:102,0
LF:9
LH:0
BRDA:19,0,0,0
BRDA:20,1,0,0
BRDA:48,2,0,0
BRDA:48,2,1,0
BRDA:48,3,0,0
BRDA:48,3,1,0
BRDA:49,4,0,0
BRDA:49,4,1,0
BRDA:49,4,2,0
BRDA:50,5,0,0
BRDA:50,5,1,0
BRDA:51,6,0,0
BRDA:51,6,1,0
BRDA:51,6,2,0
BRDA:52,7,0,0
BRDA:52,7,1,0
BRDA:52,7,2,0
BRDA:71,8,0,0
BRDA:71,8,1,0
BRDA:71,8,2,0
BRDA:84,9,0,0
BRDA:84,9,1,0
BRDA:86,10,0,0
BRDA:86,10,1,0
BRDA:90,11,0,0
BRDA:90,11,1,0
BRDA:90,11,2,0
BRDA:107,12,0,0
BRDA:107,12,1,0
BRDA:107,12,2,0
BRDA:110,13,0,0
BRDA:110,13,1,0
BRDA:114,14,0,0
BRDA:114,14,1,0
BRF:34
BRH:0
end_of_record
TN:
SF:src\components\IntakeWizard.tsx
FN:55,blankMed
FN:71,(anonymous_1)
FN:151,WizardFieldLabel
FN:190,IntakeWizard
FN:252,(anonymous_4)
FN:284,(anonymous_5)
FN:285,(anonymous_6)
FN:290,(anonymous_7)
FN:298,(anonymous_8)
FN:306,(anonymous_9)
FN:314,(anonymous_10)
FN:358,(anonymous_11)
FN:360,(anonymous_12)
FN:363,(anonymous_13)
FN:386,(anonymous_14)
FN:387,(anonymous_15)
FN:392,(anonymous_16)
FN:396,(anonymous_17)
FN:404,(anonymous_18)
FN:409,(anonymous_19)
FN:413,(anonymous_20)
FN:414,(anonymous_21)
FN:416,(anonymous_22)
FN:417,(anonymous_23)
FN:419,(anonymous_24)
FN:430,(anonymous_25)
FN:437,(anonymous_26)
FN:444,(anonymous_27)
FN:449,(anonymous_28)
FN:450,(anonymous_29)
FN:453,(anonymous_30)
FN:459,(anonymous_31)
FN:462,(anonymous_32)
FN:466,(anonymous_33)
FN:466,(anonymous_34)
FN:466,(anonymous_35)
FN:475,(anonymous_36)
FN:492,(anonymous_37)
FN:499,(anonymous_38)
FN:500,(anonymous_39)
FN:504,(anonymous_40)
FN:506,(anonymous_41)
FN:511,(anonymous_42)
FN:521,(anonymous_43)
FN:523,(anonymous_44)
FN:525,(anonymous_45)
FN:525,(anonymous_46)
FN:527,(anonymous_47)
FN:528,(anonymous_48)
FN:539,(anonymous_49)
FN:540,(anonymous_50)
FN:547,(anonymous_51)
FN:557,(anonymous_52)
FN:565,(anonymous_53)
FN:566,(anonymous_54)
FN:566,(anonymous_55)
FN:567,(anonymous_56)
FN:573,(anonymous_57)
FN:574,(anonymous_58)
FN:574,(anonymous_59)
FN:575,(anonymous_60)
FN:575,(anonymous_61)
FN:578,(anonymous_62)
FN:581,(anonymous_63)
FN:588,(anonymous_64)
FN:589,(anonymous_65)
FN:590,(anonymous_66)
FN:608,(anonymous_67)
FN:612,(anonymous_68)
FN:620,(anonymous_69)
FN:621,(anonymous_70)
FN:632,(anonymous_71)
FN:636,(anonymous_72)
FN:637,(anonymous_73)
FN:652,(anonymous_74)
FN:672,(anonymous_75)
FN:787,(anonymous_76)
FN:816,(anonymous_77)
FN:830,(anonymous_78)
FN:849,(anonymous_79)
FN:850,(anonymous_80)
FN:877,(anonymous_81)
FN:881,(anonymous_82)
FN:889,(anonymous_83)
FN:890,(anonymous_84)
FN:901,(anonymous_85)
FN:913,(anonymous_86)
FN:925,(anonymous_87)
FN:942,(anonymous_88)
FN:953,(anonymous_89)
FN:972,(anonymous_90)
FN:983,(anonymous_91)
FN:998,(anonymous_92)
FN:1004,(anonymous_93)
FN:1033,(anonymous_94)
FN:1034,(anonymous_95)
FN:1046,(anonymous_96)
FN:1047,(anonymous_97)
FN:1065,(anonymous_98)
FN:1071,(anonymous_99)
FN:1094,(anonymous_100)
FN:1095,(anonymous_101)
FN:1105,(anonymous_102)
FN:1114,(anonymous_103)
FN:1122,(anonymous_104)
FN:1185,(anonymous_105)
FN:1186,(anonymous_106)
FN:1187,(anonymous_107)
FN:1190,(anonymous_108)
FN:1211,(anonymous_109)
FN:1213,(anonymous_110)
FN:1219,(anonymous_111)
FN:1224,(anonymous_112)
FN:1234,(anonymous_113)
FN:1261,(anonymous_114)
FN:1273,(anonymous_115)
FN:1295,(anonymous_116)
FN:1313,(anonymous_117)
FN:1331,(anonymous_118)
FN:1332,(anonymous_119)
FN:1333,(anonymous_120)
FN:1333,(anonymous_121)
FN:1335,(anonymous_122)
FN:1337,(anonymous_123)
FN:1344,(anonymous_124)
FN:1346,(anonymous_125)
FN:1352,(anonymous_126)
FN:1355,(anonymous_127)
FN:1357,(anonymous_128)
FN:1368,(anonymous_129)
FN:1372,(anonymous_130)
FN:1399,(anonymous_131)
FN:1403,(anonymous_132)
FN:1428,(anonymous_133)
FN:1433,(anonymous_134)
FN:1453,(anonymous_135)
FN:1456,(anonymous_136)
FN:1465,(anonymous_137)
FN:1487,(anonymous_138)
FN:1490,(anonymous_139)
FN:1499,(anonymous_140)
FN:1516,(anonymous_141)
FN:1533,(anonymous_142)
FN:1537,(anonymous_143)
FN:1588,(anonymous_144)
FN:1605,(anonymous_145)
FN:1632,(anonymous_146)
FN:1654,(anonymous_147)
FN:1665,(anonymous_148)
FN:1671,(anonymous_149)
FN:1672,(anonymous_150)
FN:1684,(anonymous_151)
FN:1701,(anonymous_152)
FN:1722,(anonymous_153)
FN:1746,(anonymous_154)
FN:1798,(anonymous_155)
FNF:156
FNH:0
FNDA:0,blankMed
FNDA:0,(anonymous_1)
FNDA:0,WizardFieldLabel
FNDA:0,IntakeWizard
FNDA:0,(anonymous_4)
FNDA:0,(anonymous_5)
FNDA:0,(anonymous_6)
FNDA:0,(anonymous_7)
FNDA:0,(anonymous_8)
FNDA:0,(anonymous_9)
FNDA:0,(anonymous_10)
FNDA:0,(anonymous_11)
FNDA:0,(anonymous_12)
FNDA:0,(anonymous_13)
FNDA:0,(anonymous_14)
FNDA:0,(anonymous_15)
FNDA:0,(anonymous_16)
FNDA:0,(anonymous_17)
FNDA:0,(anonymous_18)
FNDA:0,(anonymous_19)
FNDA:0,(anonymous_20)
FNDA:0,(anonymous_21)
FNDA:0,(anonymous_22)
FNDA:0,(anonymous_23)
FNDA:0,(anonymous_24)
FNDA:0,(anonymous_25)
FNDA:0,(anonymous_26)
FNDA:0,(anonymous_27)
FNDA:0,(anonymous_28)
FNDA:0,(anonymous_29)
FNDA:0,(anonymous_30)
FNDA:0,(anonymous_31)
FNDA:0,(anonymous_32)
FNDA:0,(anonymous_33)
FNDA:0,(anonymous_34)
FNDA:0,(anonymous_35)
FNDA:0,(anonymous_36)
FNDA:0,(anonymous_37)
FNDA:0,(anonymous_38)
FNDA:0,(anonymous_39)
FNDA:0,(anonymous_40)
FNDA:0,(anonymous_41)
FNDA:0,(anonymous_42)
FNDA:0,(anonymous_43)
FNDA:0,(anonymous_44)
FNDA:0,(anonymous_45)
FNDA:0,(anonymous_46)
FNDA:0,(anonymous_47)
FNDA:0,(anonymous_48)
FNDA:0,(anonymous_49)
FNDA:0,(anonymous_50)
FNDA:0,(anonymous_51)
FNDA:0,(anonymous_52)
FNDA:0,(anonymous_53)
FNDA:0,(anonymous_54)
FNDA:0,(anonymous_55)
FNDA:0,(anonymous_56)
FNDA:0,(anonymous_57)
FNDA:0,(anonymous_58)
FNDA:0,(anonymous_59)
FNDA:0,(anonymous_60)
FNDA:0,(anonymous_61)
FNDA:0,(anonymous_62)
FNDA:0,(anonymous_63)
FNDA:0,(anonymous_64)
FNDA:0,(anonymous_65)
FNDA:0,(anonymous_66)
FNDA:0,(anonymous_67)
FNDA:0,(anonymous_68)
FNDA:0,(anonymous_69)
FNDA:0,(anonymous_70)
FNDA:0,(anonymous_71)
FNDA:0,(anonymous_72)
FNDA:0,(anonymous_73)
FNDA:0,(anonymous_74)
FNDA:0,(anonymous_75)
FNDA:0,(anonymous_76)
FNDA:0,(anonymous_77)
FNDA:0,(anonymous_78)
FNDA:0,(anonymous_79)
FNDA:0,(anonymous_80)
FNDA:0,(anonymous_81)
FNDA:0,(anonymous_82)
FNDA:0,(anonymous_83)
FNDA:0,(anonymous_84)
FNDA:0,(anonymous_85)
FNDA:0,(anonymous_86)
FNDA:0,(anonymous_87)
FNDA:0,(anonymous_88)
FNDA:0,(anonymous_89)
FNDA:0,(anonymous_90)
FNDA:0,(anonymous_91)
FNDA:0,(anonymous_92)
FNDA:0,(anonymous_93)
FNDA:0,(anonymous_94)
FNDA:0,(anonymous_95)
FNDA:0,(anonymous_96)
FNDA:0,(anonymous_97)
FNDA:0,(anonymous_98)
FNDA:0,(anonymous_99)
FNDA:0,(anonymous_100)
FNDA:0,(anonymous_101)
FNDA:0,(anonymous_102)
FNDA:0,(anonymous_103)
FNDA:0,(anonymous_104)
FNDA:0,(anonymous_105)
FNDA:0,(anonymous_106)
FNDA:0,(anonymous_107)
FNDA:0,(anonymous_108)
FNDA:0,(anonymous_109)
FNDA:0,(anonymous_110)
FNDA:0,(anonymous_111)
FNDA:0,(anonymous_112)
FNDA:0,(anonymous_113)
FNDA:0,(anonymous_114)
FNDA:0,(anonymous_115)
FNDA:0,(anonymous_116)
FNDA:0,(anonymous_117)
FNDA:0,(anonymous_118)
FNDA:0,(anonymous_119)
FNDA:0,(anonymous_120)
FNDA:0,(anonymous_121)
FNDA:0,(anonymous_122)
FNDA:0,(anonymous_123)
FNDA:0,(anonymous_124)
FNDA:0,(anonymous_125)
FNDA:0,(anonymous_126)
FNDA:0,(anonymous_127)
FNDA:0,(anonymous_128)
FNDA:0,(anonymous_129)
FNDA:0,(anonymous_130)
FNDA:0,(anonymous_131)
FNDA:0,(anonymous_132)
FNDA:0,(anonymous_133)
FNDA:0,(anonymous_134)
FNDA:0,(anonymous_135)
FNDA:0,(anonymous_136)
FNDA:0,(anonymous_137)
FNDA:0,(anonymous_138)
FNDA:0,(anonymous_139)
FNDA:0,(anonymous_140)
FNDA:0,(anonymous_141)
FNDA:0,(anonymous_142)
FNDA:0,(anonymous_143)
FNDA:0,(anonymous_144)
FNDA:0,(anonymous_145)
FNDA:0,(anonymous_146)
FNDA:0,(anonymous_147)
FNDA:0,(anonymous_148)
FNDA:0,(anonymous_149)
FNDA:0,(anonymous_150)
FNDA:0,(anonymous_151)
FNDA:0,(anonymous_152)
FNDA:0,(anonymous_153)
FNDA:0,(anonymous_154)
FNDA:0,(anonymous_155)
DA:56,0
DA:66,0
DA:67,0
DA:68,0
DA:69,0
DA:71,0
DA:97,0
DA:104,0
DA:117,0
DA:136,0
DA:162,0
DA:163,0
DA:200,0
DA:201,0
DA:202,0
DA:203,0
DA:204,0
DA:205,0
DA:206,0
DA:207,0
DA:208,0
DA:209,0
DA:210,0
DA:211,0
DA:212,0
DA:213,0
DA:214,0
DA:215,0
DA:216,0
DA:217,0
DA:218,0
DA:219,0
DA:220,0
DA:221,0
DA:222,0
DA:223,0
DA:224,0
DA:225,0
DA:226,0
DA:227,0
DA:228,0
DA:229,0
DA:230,0
DA:252,0
DA:253,0
DA:254,0
DA:255,0
DA:256,0
DA:257,0
DA:258,0
DA:259,0
DA:260,0
DA:261,0
DA:262,0
DA:263,0
DA:264,0
DA:265,0
DA:266,0
DA:267,0
DA:268,0
DA:269,0
DA:270,0
DA:271,0
DA:277,0
DA:278,0
DA:279,0
DA:280,0
DA:281,0
DA:284,0
DA:285,0
DA:286,0
DA:290,0
DA:291,0
DA:292,0
DA:293,0
DA:294,0
DA:297,0
DA:299,0
DA:300,0
DA:301,0
DA:306,0
DA:307,0
DA:308,0
DA:309,0
DA:311,0
DA:314,0
DA:315,0
DA:358,0
DA:359,0
DA:360,0
DA:361,0
DA:363,0
DA:386,0
DA:387,0
DA:388,0
DA:392,0
DA:393,0
DA:396,0
DA:397,0
DA:398,0
DA:399,0
DA:400,0
DA:404,0
DA:405,0
DA:406,0
DA:407,0
DA:408,0
DA:409,0
DA:410,0
DA:412,0
DA:413,0
DA:414,0
DA:415,0
DA:416,0
DA:417,0
DA:419,0
DA:420,0
DA:421,0
DA:425,0
DA:426,0
DA:427,0
DA:430,0
DA:431,0
DA:432,0
DA:437,0
DA:438,0
DA:439,0
DA:440,0
DA:444,0
DA:445,0
DA:446,0
DA:449,0
DA:450,0
DA:451,0
DA:452,0
DA:453,0
DA:455,0
DA:459,0
DA:460,0
DA:461,0
DA:462,0
DA:463,0
DA:466,0
DA:468,0
DA:475,0
DA:476,0
DA:478,0
DA:479,0
DA:481,0
DA:482,0
DA:484,0
DA:485,0
DA:487,0
DA:488,0
DA:492,0
DA:493,0
DA:494,0
DA:495,0
DA:496,0
DA:499,0
DA:500,0
DA:501,0
DA:502,0
DA:504,0
DA:505,0
DA:506,0
DA:511,0
DA:512,0
DA:513,0
DA:514,0
DA:515,0
DA:516,0
DA:518,0
DA:521,0
DA:523,0
DA:524,0
DA:525,0
DA:527,0
DA:528,0
DA:529,0
DA:530,0
DA:531,0
DA:532,0
DA:534,0
DA:539,0
DA:540,0
DA:541,0
DA:542,0
DA:543,0
DA:545,0
DA:546,0
DA:548,0
DA:552,0
DA:553,0
DA:554,0
DA:556,0
DA:557,0
DA:559,0
DA:560,0
DA:562,0
DA:565,0
DA:566,0
DA:567,0
DA:568,0
DA:569,0
DA:573,0
DA:574,0
DA:575,0
DA:578,0
DA:579,0
DA:580,0
DA:582,0
DA:585,0
DA:588,0
DA:589,0
DA:590,0
DA:591,0
DA:608,0
DA:609,0
DA:612,0
DA:616,0
DA:620,0
DA:621,0
DA:622,0
DA:632,0
DA:633,0
DA:635,0
DA:636,0
DA:637,0
DA:638,0
DA:652,0
DA:653,0
DA:654,0
DA:655,0
DA:657,0
DA:658,0
DA:659,0
DA:661,0
DA:662,0
DA:663,0
DA:665,0
DA:666,0
DA:667,0
DA:669,0
DA:670,0
DA:672,0
DA:675,0
DA:677,0
DA:678,0
DA:679,0
DA:681,0
DA:682,0
DA:683,0
DA:685,0
DA:686,0
DA:687,0
DA:689,0
DA:690,0
DA:691,0
DA:693,0
DA:699,0
DA:700,0
DA:701,0
DA:703,0
DA:704,0
DA:705,0
DA:706,0
DA:708,0
DA:709,0
DA:710,0
DA:716,0
DA:731,0
DA:732,0
DA:733,0
DA:734,0
DA:736,0
DA:737,0
DA:738,0
DA:763,0
DA:764,0
DA:768,0
DA:769,0
DA:770,0
DA:773,0
DA:788,0
DA:817,0
DA:818,0
DA:819,0
DA:820,0
DA:822,0
DA:823,0
DA:831,0
DA:849,0
DA:850,0
DA:877,0
DA:882,0
DA:890,0
DA:891,0
DA:892,0
DA:893,0
DA:901,0
DA:913,0
DA:925,0
DA:943,0
DA:953,0
DA:972,0
DA:983,0
DA:999,0
DA:1004,0
DA:1034,0
DA:1047,0
DA:1066,0
DA:1067,0
DA:1071,0
DA:1094,0
DA:1096,0
DA:1097,0
DA:1098,0
DA:1105,0
DA:1115,0
DA:1122,0
DA:1186,0
DA:1187,0
DA:1189,0
DA:1190,0
DA:1192,0
DA:1193,0
DA:1200,0
DA:1212,0
DA:1213,0
DA:1215,0
DA:1220,0
DA:1221,0
DA:1222,0
DA:1224,0
DA:1225,0
DA:1234,0
DA:1235,0
DA:1236,0
DA:1262,0
DA:1273,0
DA:1296,0
DA:1297,0
DA:1313,0
DA:1331,0
DA:1333,0
DA:1336,0
DA:1337,0
DA:1338,0
DA:1345,0
DA:1346,0
DA:1347,0
DA:1353,0
DA:1354,0
DA:1355,0
DA:1356,0
DA:1357,0
DA:1359,0
DA:1360,0
DA:1361,0
DA:1369,0
DA:1373,0
DA:1374,0
DA:1400,0
DA:1404,0
DA:1405,0
DA:1428,0
DA:1433,0
DA:1453,0
DA:1457,0
DA:1466,0
DA:1467,0
DA:1468,0
DA:1487,0
DA:1491,0
DA:1500,0
DA:1501,0
DA:1502,0
DA:1517,0
DA:1533,0
DA:1537,0
DA:1588,0
DA:1606,0
DA:1607,0
DA:1608,0
DA:1609,0
DA:1611,0
DA:1612,0
DA:1615,0
DA:1617,0
DA:1633,0
DA:1634,0
DA:1635,0
DA:1655,0
DA:1665,0
DA:1671,0
DA:1673,0
DA:1674,0
DA:1685,0
DA:1701,0
DA:1723,0
DA:1724,0
DA:1725,0
DA:1726,0
DA:1728,0
DA:1729,0
DA:1732,0
DA:1734,0
DA:1735,0
DA:1738,0
DA:1740,0
DA:1741,0
DA:1742,0
DA:1744,0
DA:1745,0
DA:1746,0
DA:1748,0
DA:1750,0
DA:1751,0
DA:1752,0
DA:1754,0
DA:1755,0
DA:1756,0
DA:1758,0
DA:1759,0
DA:1760,0
DA:1763,0
DA:1764,0
DA:1765,0
DA:1766,0
DA:1769,0
DA:1798,0
LF:432
LH:0
BRDA:162,0,0,0
BRDA:162,0,1,0
BRDA:167,1,0,0
BRDA:167,1,1,0
BRDA:192,2,0,0
BRDA:193,3,0,0
BRDA:253,4,0,0
BRDA:253,4,1,0
BRDA:255,5,0,0
BRDA:255,5,1,0
BRDA:268,6,0,0
BRDA:268,6,1,0
BRDA:269,7,0,0
BRDA:269,7,1,0
BRDA:272,8,0,0
BRDA:272,8,1,0
BRDA:273,9,0,0
BRDA:273,9,1,0
BRDA:273,10,0,0
BRDA:273,10,1,0
BRDA:278,11,0,0
BRDA:278,11,1,0
BRDA:279,12,0,0
BRDA:279,12,1,0
BRDA:307,13,0,0
BRDA:307,13,1,0
BRDA:359,14,0,0
BRDA:359,14,1,0
BRDA:359,15,0,0
BRDA:359,15,1,0
BRDA:359,15,2,0
BRDA:359,15,3,0
BRDA:398,16,0,0
BRDA:398,16,1,0
BRDA:400,17,0,0
BRDA:400,17,1,0
BRDA:405,18,0,0
BRDA:405,18,1,0
BRDA:407,19,0,0
BRDA:407,19,1,0
BRDA:408,20,0,0
BRDA:408,20,1,0
BRDA:426,21,0,0
BRDA:426,21,1,0
BRDA:427,22,0,0
BRDA:427,22,1,0
BRDA:431,23,0,0
BRDA:431,23,1,0
BRDA:432,24,0,0
BRDA:432,24,1,0
BRDA:432,25,0,0
BRDA:432,25,1,0
BRDA:438,26,0,0
BRDA:438,26,1,0
BRDA:440,27,0,0
BRDA:440,27,1,0
BRDA:445,28,0,0
BRDA:445,28,1,0
BRDA:451,29,0,0
BRDA:451,29,1,0
BRDA:452,30,0,0
BRDA:452,30,1,0
BRDA:461,31,0,0
BRDA:461,31,1,0
BRDA:462,32,0,0
BRDA:462,32,1,0
BRDA:476,33,0,0
BRDA:476,33,1,0
BRDA:476,33,2,0
BRDA:476,33,3,0
BRDA:493,34,0,0
BRDA:493,34,1,0
BRDA:494,35,0,0
BRDA:494,35,1,0
BRDA:495,36,0,0
BRDA:495,36,1,0
BRDA:496,37,0,0
BRDA:496,37,1,0
BRDA:501,38,0,0
BRDA:501,38,1,0
BRDA:502,39,0,0
BRDA:502,39,1,0
BRDA:505,40,0,0
BRDA:505,40,1,0
BRDA:513,41,0,0
BRDA:513,41,1,0
BRDA:515,42,0,0
BRDA:515,42,1,0
BRDA:524,43,0,0
BRDA:524,43,1,0
BRDA:524,44,0,0
BRDA:524,44,1,0
BRDA:529,45,0,0
BRDA:529,45,1,0
BRDA:531,46,0,0
BRDA:531,46,1,0
BRDA:532,47,0,0
BRDA:532,47,1,0
BRDA:541,48,0,0
BRDA:541,48,1,0
BRDA:548,49,0,0
BRDA:548,49,1,0
BRDA:548,49,2,0
BRDA:552,50,0,0
BRDA:552,50,1,0
BRDA:556,51,0,0
BRDA:556,51,1,0
BRDA:559,52,0,0
BRDA:559,52,1,0
BRDA:560,53,0,0
BRDA:560,53,1,0
BRDA:568,54,0,0
BRDA:568,54,1,0
BRDA:582,55,0,0
BRDA:582,55,1,0
BRDA:585,56,0,0
BRDA:585,56,1,0
BRDA:591,57,0,0
BRDA:591,57,1,0
BRDA:595,58,0,0
BRDA:595,58,1,0
BRDA:596,59,0,0
BRDA:596,59,1,0
BRDA:597,60,0,0
BRDA:597,60,1,0
BRDA:598,61,0,0
BRDA:598,61,1,0
BRDA:599,62,0,0
BRDA:599,62,1,0
BRDA:599,62,2,0
BRDA:616,63,0,0
BRDA:616,63,1,0
BRDA:622,64,0,0
BRDA:622,64,1,0
BRDA:627,65,0,0
BRDA:627,65,1,0
BRDA:638,66,0,0
BRDA:638,66,1,0
BRDA:642,67,0,0
BRDA:642,67,1,0
BRDA:642,68,0,0
BRDA:642,68,1,0
BRDA:653,69,0,0
BRDA:653,69,1,0
BRDA:657,70,0,0
BRDA:657,70,1,0
BRDA:657,71,0,0
BRDA:657,71,1,0
BRDA:661,72,0,0
BRDA:661,72,1,0
BRDA:665,73,0,0
BRDA:665,73,1,0
BRDA:669,74,0,0
BRDA:669,74,1,0
BRDA:669,75,0,0
BRDA:669,75,1,0
BRDA:677,76,0,0
BRDA:677,76,1,0
BRDA:681,77,0,0
BRDA:681,77,1,0
BRDA:685,78,0,0
BRDA:685,78,1,0
BRDA:689,79,0,0
BRDA:689,79,1,0
BRDA:699,80,0,0
BRDA:699,80,1,0
BRDA:704,81,0,0
BRDA:704,81,1,0
BRDA:727,82,0,0
BRDA:727,82,1,0
BRDA:732,83,0,0
BRDA:732,83,1,0
BRDA:732,84,0,0
BRDA:732,84,1,0
BRDA:733,85,0,0
BRDA:733,85,1,0
BRDA:742,86,0,0
BRDA:742,86,1,0
BRDA:754,87,0,0
BRDA:754,87,1,0
BRDA:755,88,0,0
BRDA:755,88,1,0
BRDA:756,89,0,0
BRDA:756,89,1,0
BRDA:757,90,0,0
BRDA:757,90,1,0
BRDA:790,91,0,0
BRDA:790,91,1,0
BRDA:795,92,0,0
BRDA:795,92,1,0
BRDA:818,93,0,0
BRDA:818,93,1,0
BRDA:823,94,0,0
BRDA:823,94,1,0
BRDA:871,95,0,0
BRDA:871,95,1,0
BRDA:876,96,0,0
BRDA:876,96,1,0
BRDA:892,97,0,0
BRDA:892,97,1,0
BRDA:903,98,0,0
BRDA:903,98,1,0
BRDA:917,99,0,0
BRDA:917,99,1,0
BRDA:922,100,0,0
BRDA:922,100,1,0
BRDA:928,101,0,0
BRDA:928,101,1,0
BRDA:946,102,0,0
BRDA:946,102,1,0
BRDA:1015,103,0,0
BRDA:1015,103,1,0
BRDA:1034,104,0,0
BRDA:1034,104,1,0
BRDA:1047,105,0,0
BRDA:1047,105,1,0
BRDA:1073,106,0,0
BRDA:1073,106,1,0
BRDA:1078,107,0,0
BRDA:1078,107,1,0
BRDA:1084,108,0,0
BRDA:1084,108,1,0
BRDA:1096,109,0,0
BRDA:1096,109,1,0
BRDA:1112,110,0,0
BRDA:1112,110,1,0
BRDA:1137,111,0,0
BRDA:1137,111,1,0
BRDA:1154,112,0,0
BRDA:1154,112,1,0
BRDA:1157,113,0,0
BRDA:1157,113,1,0
BRDA:1163,114,0,0
BRDA:1163,114,1,0
BRDA:1171,115,0,0
BRDA:1171,115,1,0
BRDA:1173,116,0,0
BRDA:1173,116,1,0
BRDA:1179,117,0,0
BRDA:1179,117,1,0
BRDA:1190,118,0,0
BRDA:1190,118,1,0
BRDA:1192,119,0,0
BRDA:1192,119,1,0
BRDA:1192,120,0,0
BRDA:1192,120,1,0
BRDA:1209,121,0,0
BRDA:1209,121,1,0
BRDA:1220,122,0,0
BRDA:1220,122,1,0
BRDA:1228,123,0,0
BRDA:1228,123,1,0
BRDA:1229,124,0,0
BRDA:1229,124,1,0
BRDA:1230,125,0,0
BRDA:1230,125,1,0
BRDA:1231,126,0,0
BRDA:1231,126,1,0
BRDA:1232,127,0,0
BRDA:1232,127,1,0
BRDA:1235,128,0,0
BRDA:1235,128,1,0
BRDA:1235,129,0,0
BRDA:1235,129,1,0
BRDA:1240,130,0,0
BRDA:1240,130,1,0
BRDA:1245,131,0,0
BRDA:1245,131,1,0
BRDA:1251,132,0,0
BRDA:1251,132,1,0
BRDA:1257,133,0,0
BRDA:1257,133,1,0
BRDA:1258,134,0,0
BRDA:1258,134,1,0
BRDA:1268,135,0,0
BRDA:1268,135,1,0
BRDA:1302,136,0,0
BRDA:1302,136,1,0
BRDA:1306,137,0,0
BRDA:1306,137,1,0
BRDA:1333,138,0,0
BRDA:1333,138,1,0
BRDA:1351,139,0,0
BRDA:1351,139,1,0
BRDA:1353,140,0,0
BRDA:1353,140,1,0
BRDA:1356,141,0,0
BRDA:1356,141,1,0
BRDA:1360,142,0,0
BRDA:1360,142,1,0
BRDA:1360,143,0,0
BRDA:1360,143,1,0
BRDA:1360,143,2,0
BRDA:1363,144,0,0
BRDA:1363,144,1,0
BRDA:1380,145,0,0
BRDA:1380,145,1,0
BRDA:1380,146,0,0
BRDA:1380,146,1,0
BRDA:1387,147,0,0
BRDA:1387,147,1,0
BRDA:1387,148,0,0
BRDA:1387,148,1,0
BRDA:1388,149,0,0
BRDA:1388,149,1,0
BRDA:1393,150,0,0
BRDA:1393,150,1,0
BRDA:1393,150,2,0
BRDA:1396,151,0,0
BRDA:1396,151,1,0
BRDA:1447,152,0,0
BRDA:1447,152,1,0
BRDA:1449,153,0,0
BRDA:1449,153,1,0
BRDA:1467,154,0,0
BRDA:1467,154,1,0
BRDA:1481,155,0,0
BRDA:1481,155,1,0
BRDA:1483,156,0,0
BRDA:1483,156,1,0
BRDA:1501,157,0,0
BRDA:1501,157,1,0
BRDA:1531,158,0,0
BRDA:1531,158,1,0
BRDA:1541,159,0,0
BRDA:1541,159,1,0
BRDA:1553,160,0,0
BRDA:1553,160,1,0
BRDA:1560,161,0,0
BRDA:1560,161,1,0
BRDA:1560,161,2,0
BRDA:1572,162,0,0
BRDA:1572,162,1,0
BRDA:1574,163,0,0
BRDA:1574,163,1,0
BRDA:1579,164,0,0
BRDA:1579,164,1,0
BRDA:1584,165,0,0
BRDA:1584,165,1,0
BRDA:1588,166,0,0
BRDA:1588,166,1,0
BRDA:1590,167,0,0
BRDA:1590,167,1,0
BRDA:1591,168,0,0
BRDA:1591,168,1,0
BRDA:1593,169,0,0
BRDA:1593,169,1,0
BRDA:1600,170,0,0
BRDA:1600,170,1,0
BRDA:1607,171,0,0
BRDA:1607,171,1,0
BRDA:1607,172,0,0
BRDA:1607,172,1,0
BRDA:1611,173,0,0
BRDA:1611,173,1,0
BRDA:1611,174,0,0
BRDA:1611,174,1,0
BRDA:1635,175,0,0
BRDA:1635,175,1,0
BRDA:1658,176,0,0
BRDA:1658,176,1,0
BRDA:1678,177,0,0
BRDA:1678,177,1,0
BRDA:1694,178,0,0
BRDA:1694,178,1,0
BRDA:1719,179,0,0
BRDA:1719,179,1,0
BRDA:1723,180,0,0
BRDA:1723,180,1,0
BRDA:1724,181,0,0
BRDA:1724,181,1,0
BRDA:1728,182,0,0
BRDA:1728,182,1,0
BRDA:1728,183,0,0
BRDA:1728,183,1,0
BRDA:1734,184,0,0
BRDA:1734,184,1,0
BRDA:1740,185,0,0
BRDA:1740,185,1,0
BRDA:1744,186,0,0
BRDA:1744,186,1,0
BRDA:1744,187,0,0
BRDA:1744,187,1,0
BRDA:1750,188,0,0
BRDA:1750,188,1,0
BRDA:1754,189,0,0
BRDA:1754,189,1,0
BRDA:1758,190,0,0
BRDA:1758,190,1,0
BRDA:1763,191,0,0
BRDA:1763,191,1,0
BRDA:1764,192,0,0
BRDA:1764,192,1,0
BRDA:1778,193,0,0
BRDA:1778,193,1,0
BRF:395
BRH:0
end_of_record
TN:
SF:src\components\LeadCertificateAuditTable.tsx
FN:32,certificateDetailPayload
FN:60,LeadCertificateAuditTable
FN:106,(anonymous_2)
FN:112,(anonymous_3)
FN:148,(anonymous_4)
FN:163,(anonymous_5)
FN:185,(anonymous_6)
FNF:7
FNH:0
FNDA:0,certificateDetailPayload
FNDA:0,LeadCertificateAuditTable
FNDA:0,(anonymous_2)
FNDA:0,(anonymous_3)
FNDA:0,(anonymous_4)
FNDA:0,(anonymous_5)
FNDA:0,(anonymous_6)
DA:33,0
DA:65,0
DA:67,0
DA:71,0
DA:107,0
DA:108,0
DA:112,0
DA:148,0
DA:163,0
DA:186,0
DA:187,0
LF:11
LH:0
BRDA:41,0,0,0
BRDA:41,0,1,0
BRDA:67,1,0,0
BRDA:67,1,1,0
BRDA:79,2,0,0
BRDA:79,2,1,0
BRDA:112,3,0,0
BRDA:112,3,1,0
BRDA:115,4,0,0
BRDA:115,4,1,0
BRDA:125,5,0,0
BRDA:125,5,1,0
BRDA:128,6,0,0
BRDA:128,6,1,0
BRDA:133,7,0,0
BRDA:133,7,1,0
BRDA:134,8,0,0
BRDA:134,8,1,0
BRDA:135,9,0,0
BRDA:135,9,1,0
BRDA:137,10,0,0
BRDA:137,10,1,0
BRDA:140,11,0,0
BRDA:140,11,1,0
BRDA:142,12,0,0
BRDA:142,12,1,0
BRDA:157,13,0,0
BRDA:157,13,1,0
BRDA:173,14,0,0
BRDA:173,14,1,0
BRF:30
BRH:0
end_of_record
TN:
SF:src\components\LeadEventsTable.tsx
FN:20,typeBadgeVariant
FN:26,leadTypeLabel
FN:31,LeadEventsTable
FN:41,(anonymous_3)
FN:42,(anonymous_4)
FN:70,(anonymous_5)
FNF:6
FNH:0
FNDA:0,typeBadgeVariant
FNDA:0,leadTypeLabel
FNDA:0,LeadEventsTable
FNDA:0,(anonymous_3)
FNDA:0,(anonymous_4)
FNDA:0,(anonymous_5)
DA:21,0
DA:22,0
DA:23,0
DA:27,0
DA:28,0
DA:32,0
DA:33,0
DA:41,0
DA:42,0
DA:44,0
DA:71,0
LF:11
LH:0
BRDA:21,0,0,0
BRDA:21,0,1,0
BRDA:22,1,0,0
BRDA:22,1,1,0
BRDA:27,2,0,0
BRDA:27,2,1,0
BRDA:32,3,0,0
BRDA:32,3,1,0
BRDA:82,4,0,0
BRDA:82,4,1,0
BRDA:84,5,0,0
BRDA:84,5,1,0
BRDA:91,6,0,0
BRDA:91,6,1,0
BRDA:93,7,0,0
BRDA:93,7,1,0
BRDA:94,8,0,0
BRDA:94,8,1,0
BRDA:96,9,0,0
BRDA:96,9,1,0
BRDA:102,10,0,0
BRDA:102,10,1,0
BRF:22
BRH:0
end_of_record
TN:
SF:src\components\LeadGenerationPricing.tsx
FN:20,LeadGenerationPricing
FN:63,(anonymous_1)
FN:94,(anonymous_2)
FN:107,(anonymous_3)
FNF:4
FNH:0
FNDA:0,LeadGenerationPricing
FNDA:0,(anonymous_1)
FNDA:0,(anonymous_2)
FNDA:0,(anonymous_3)
DA:24,0
DA:64,0
DA:65,0
DA:94,0
DA:108,0
LF:5
LH:0
BRDA:21,0,0,0
BRDA:68,1,0,0
BRDA:68,1,1,0
BRDA:72,2,0,0
BRDA:72,2,1,0
BRDA:90,3,0,0
BRDA:90,3,1,0
BRDA:93,4,0,0
BRDA:93,4,1,0
BRF:9
BRH:0
end_of_record
TN:
SF:src\components\LeadMagnetEmailCapture.tsx
FN:21,LeadMagnetEmailCapture
FN:40,(anonymous_1)
FN:88,(anonymous_2)
FN:99,(anonymous_3)
FN:106,(anonymous_4)
FN:123,(anonymous_5)
FN:130,(anonymous_6)
FNF:7
FNH:0
FNDA:0,LeadMagnetEmailCapture
FNDA:0,(anonymous_1)
FNDA:0,(anonymous_2)
FNDA:0,(anonymous_3)
FNDA:0,(anonymous_4)
FNDA:0,(anonymous_5)
FNDA:0,(anonymous_6)
DA:30,0
DA:31,0
DA:32,0
DA:33,0
DA:34,0
DA:35,0
DA:36,0
DA:38,0
DA:40,0
DA:41,0
DA:42,0
DA:43,0
DA:44,0
DA:46,0
DA:47,0
DA:48,0
DA:50,0
DA:51,0
DA:52,0
DA:62,0
DA:63,0
DA:65,0
DA:67,0
DA:71,0
DA:72,0
DA:87,0
DA:88,0
DA:99,0
DA:106,0
DA:123,0
DA:130,0
LF:31
LH:0
BRDA:22,0,0,0
BRDA:23,1,0,0
BRDA:24,2,0,0
BRDA:42,3,0,0
BRDA:42,3,1,0
BRDA:46,4,0,0
BRDA:46,4,1,0
BRDA:65,5,0,0
BRDA:65,5,1,0
BRDA:71,6,0,0
BRDA:71,6,1,0
BRDA:90,7,0,0
BRDA:90,7,1,0
BRDA:136,8,0,0
BRDA:136,8,1,0
BRF:15
BRH:0
end_of_record
TN:
SF:src\components\LearningArticleBody.tsx
FN:3,LearningArticleBody
FNF:1
FNH:0
FNDA:0,LearningArticleBody
DA:4,0
DA:5,0
DA:7,0
LF:3
LH:0
BRF:0
BRH:0
end_of_record
TN:
SF:src\components\LearningArticleCard.tsx
FN:8,LearningArticleCard
FNF:1
FNH:0
FNDA:0,LearningArticleCard
DA:15,0
DA:16,0
LF:2
LH:0
BRDA:10,0,0,0
BRDA:18,1,0,0
BRDA:18,1,1,0
BRDA:25,2,0,0
BRDA:25,2,1,0
BRDA:25,3,0,0
BRDA:25,3,1,0
BRF:7
BRH:0
end_of_record
TN:
SF:src\components\LearningArticleTemplate.tsx
FN:51,ArticleTableOfContents
FN:76,(anonymous_1)
FN:97,ArticleFaqSection
FN:104,(anonymous_3)
FN:122,ArticleShareButtons
FN:124,(anonymous_5)
FN:128,(anonymous_6)
FN:148,(anonymous_7)
FN:157,(anonymous_8)
FN:160,(anonymous_9)
FN:161,(anonymous_10)
FN:172,ArticleAuthorBox
FN:192,ArticleDownloadCta
FN:219,(anonymous_13)
FN:221,(anonymous_14)
FN:233,(anonymous_15)
FN:234,(anonymous_16)
FN:243,ArticlePrevNext
FN:293,LearningArticleTemplate
FN:397,(anonymous_19)
FNF:20
FNH:0
FNDA:0,ArticleTableOfContents
FNDA:0,(anonymous_1)
FNDA:0,ArticleFaqSection
FNDA:0,(anonymous_3)
FNDA:0,ArticleShareButtons
FNDA:0,(anonymous_5)
FNDA:0,(anonymous_6)
FNDA:0,(anonymous_7)
FNDA:0,(anonymous_8)
FNDA:0,(anonymous_9)
FNDA:0,(anonymous_10)
FNDA:0,ArticleAuthorBox
FNDA:0,ArticleDownloadCta
FNDA:0,(anonymous_13)
FNDA:0,(anonymous_14)
FNDA:0,(anonymous_15)
FNDA:0,(anonymous_16)
FNDA:0,ArticlePrevNext
FNDA:0,LearningArticleTemplate
FNDA:0,(anonymous_19)
DA:60,0
DA:62,0
DA:77,0
DA:98,0
DA:100,0
DA:105,0
DA:123,0
DA:124,0
DA:128,0
DA:129,0
DA:130,0
DA:131,0
DA:132,0
DA:133,0
DA:138,0
DA:139,0
DA:140,0
DA:142,0
DA:146,0
DA:148,0
DA:158,0
DA:159,0
DA:160,0
DA:161,0
DA:173,0
DA:201,0
DA:203,0
DA:204,0
DA:214,0
DA:220,0
DA:222,0
DA:233,0
DA:234,0
DA:250,0
DA:252,0
DA:299,0
DA:300,0
DA:301,0
DA:302,0
DA:303,0
DA:304,0
DA:306,0
DA:398,0
LF:43
LH:0
BRDA:53,0,0,0
BRDA:54,1,0,0
BRDA:60,2,0,0
BRDA:60,2,1,0
BRDA:65,3,0,0
BRDA:65,3,1,0
BRDA:71,4,0,0
BRDA:71,4,1,0
BRDA:77,5,0,0
BRDA:77,5,1,0
BRDA:81,6,0,0
BRDA:81,6,1,0
BRDA:84,7,0,0
BRDA:84,7,1,0
BRDA:98,8,0,0
BRDA:98,8,1,0
BRDA:124,9,0,0
BRDA:124,9,1,0
BRDA:129,10,0,0
BRDA:129,10,1,0
BRDA:130,11,0,0
BRDA:130,11,1,0
BRDA:158,12,0,0
BRDA:158,12,1,0
BRDA:201,13,0,0
BRDA:201,13,1,0
BRDA:203,14,0,0
BRDA:203,14,1,0
BRDA:250,15,0,0
BRDA:250,15,1,0
BRDA:250,16,0,0
BRDA:250,16,1,0
BRDA:257,17,0,0
BRDA:257,17,1,0
BRDA:274,18,0,0
BRDA:274,18,1,0
BRDA:304,19,0,0
BRDA:304,19,1,0
BRDA:317,20,0,0
BRDA:317,20,1,0
BRDA:322,21,0,0
BRDA:322,21,1,0
BRDA:328,22,0,0
BRDA:328,22,1,0
BRDA:344,23,0,0
BRDA:344,23,1,0
BRDA:351,24,0,0
BRDA:351,24,1,0
BRDA:385,25,0,0
BRDA:385,25,1,0
BRF:50
BRH:0
end_of_record
TN:
SF:src\components\LearningCenterCta.tsx
FN:11,LearningCenterCta
FNF:1
FNH:0
FNDA:0,LearningCenterCta
DA:12,0
LF:1
LH:0
BRDA:11,0,0,0
BRDA:14,1,0,0
BRDA:14,1,1,0
BRDA:17,2,0,0
BRDA:17,2,1,0
BRF:5
BRH:0
end_of_record
TN:
SF:src\components\LoginAlertDialog.tsx
FN:19,parseDue
FN:25,matchesUser
FN:36,LoginAlertDialog
FN:41,(anonymous_3)
FN:49,(anonymous_4)
FN:50,(anonymous_5)
FN:53,(anonymous_6)
FN:57,(anonymous_7)
FN:58,(anonymous_8)
FN:59,(anonymous_9)
FN:65,(anonymous_10)
FN:66,(anonymous_11)
FN:95,(anonymous_12)
FN:140,(anonymous_13)
FN:151,(anonymous_14)
FN:155,(anonymous_15)
FNF:16
FNH:0
FNDA:0,parseDue
FNDA:0,matchesUser
FNDA:0,LoginAlertDialog
FNDA:0,(anonymous_3)
FNDA:0,(anonymous_4)
FNDA:0,(anonymous_5)
FNDA:0,(anonymous_6)
FNDA:0,(anonymous_7)
FNDA:0,(anonymous_8)
FNDA:0,(anonymous_9)
FNDA:0,(anonymous_10)
FNDA:0,(anonymous_11)
FNDA:0,(anonymous_12)
FNDA:0,(anonymous_13)
FNDA:0,(anonymous_14)
FNDA:0,(anonymous_15)
DA:17,0
DA:20,0
DA:21,0
DA:22,0
DA:26,0
DA:28,0
DA:30,0
DA:31,0
DA:32,0
DA:33,0
DA:37,0
DA:38,0
DA:39,0
DA:41,0
DA:42,0
DA:43,0
DA:44,0
DA:45,0
DA:46,0
DA:47,0
DA:49,0
DA:50,0
DA:53,0
DA:54,0
DA:55,0
DA:56,0
DA:57,0
DA:58,0
DA:60,0
DA:61,0
DA:62,0
DA:63,0
DA:65,0
DA:68,0
DA:69,0
DA:70,0
DA:71,0
DA:72,0
DA:77,0
DA:79,0
DA:96,0
DA:97,0
DA:99,0
DA:134,0
DA:140,0
DA:151,0
DA:155,0
LF:47
LH:0
BRDA:20,0,0,0
BRDA:20,0,1,0
BRDA:22,1,0,0
BRDA:22,1,1,0
BRDA:26,2,0,0
BRDA:26,2,1,0
BRDA:30,3,0,0
BRDA:30,3,1,0
BRDA:31,4,0,0
BRDA:31,4,1,0
BRDA:33,5,0,0
BRDA:33,5,1,0
BRDA:33,5,2,0
BRDA:42,6,0,0
BRDA:42,6,1,0
BRDA:42,7,0,0
BRDA:42,7,1,0
BRDA:43,8,0,0
BRDA:43,8,1,0
BRDA:45,9,0,0
BRDA:45,9,1,0
BRDA:54,10,0,0
BRDA:54,10,1,0
BRDA:61,11,0,0
BRDA:61,11,1,0
BRDA:62,12,0,0
BRDA:62,12,1,0
BRDA:65,13,0,0
BRDA:65,13,1,0
BRDA:68,14,0,0
BRDA:68,14,1,0
BRDA:68,15,0,0
BRDA:68,15,1,0
BRDA:69,16,0,0
BRDA:69,16,1,0
BRDA:70,17,0,0
BRDA:70,17,1,0
BRDA:71,18,0,0
BRDA:71,18,1,0
BRDA:77,19,0,0
BRDA:77,19,1,0
BRDA:77,20,0,0
BRDA:77,20,1,0
BRDA:88,21,0,0
BRDA:88,21,1,0
BRDA:89,22,0,0
BRDA:89,22,1,0
BRDA:96,23,0,0
BRDA:96,23,1,0
BRDA:96,24,0,0
BRDA:96,24,1,0
BRDA:104,25,0,0
BRDA:104,25,1,0
BRDA:106,26,0,0
BRDA:106,26,1,0
BRDA:113,27,0,0
BRDA:113,27,1,0
BRDA:124,28,0,0
BRDA:124,28,1,0
BRDA:127,29,0,0
BRDA:127,29,1,0
BRDA:128,30,0,0
BRDA:128,30,1,0
BRDA:138,31,0,0
BRDA:138,31,1,0
BRDA:139,32,0,0
BRDA:139,32,1,0
BRF:67
BRH:0
end_of_record
TN:
SF:src\components\MedicareDisclaimers.tsx
FN:8,DisclaimerBody
FN:18,(anonymous_1)
FN:37,MedicareDisclaimers
FN:42,(anonymous_3)
FNF:4
FNH:0
FNDA:0,DisclaimerBody
FNDA:0,(anonymous_1)
FNDA:0,MedicareDisclaimers
FNDA:0,(anonymous_3)
DA:9,0
DA:10,0
DA:13,0
DA:14,0
DA:16,0
DA:19,0
DA:38,0
DA:43,0
LF:8
LH:0
BRDA:9,0,0,0
BRDA:9,0,1,0
BRDA:14,1,0,0
BRDA:14,1,1,0
BRDA:21,2,0,0
BRDA:21,2,1,0
BRDA:47,3,0,0
BRDA:47,3,1,0
BRF:8
BRH:0
end_of_record
TN:
SF:src\components\MetaAdConformancePanel.tsx
FN:54,formatDisplayDate
FN:60,statusBadgeClass
FN:73,MetaAdChecklistSection
FN:119,(anonymous_3)
FN:133,(anonymous_4)
FN:149,MetaAdRecordCard
FN:170,(anonymous_6)
FN:171,(anonymous_7)
FN:174,(anonymous_8)
FN:178,(anonymous_9)
FN:193,(anonymous_10)
FN:198,(anonymous_11)
FN:210,(anonymous_12)
FN:248,(anonymous_13)
FN:254,(anonymous_14)
FN:270,(anonymous_15)
FN:284,(anonymous_16)
FN:291,(anonymous_17)
FN:329,(anonymous_18)
FN:347,(anonymous_19)
FN:358,(anonymous_20)
FN:370,(anonymous_21)
FN:392,(anonymous_22)
FN:399,(anonymous_23)
FN:406,(anonymous_24)
FN:427,MetaAdConformancePanel
FN:431,(anonymous_26)
FN:439,(anonymous_27)
FN:449,(anonymous_28)
FN:453,(anonymous_29)
FN:456,(anonymous_30)
FN:460,(anonymous_31)
FN:466,(anonymous_32)
FN:516,(anonymous_33)
FN:522,(anonymous_34)
FNF:35
FNH:0
FNDA:0,formatDisplayDate
FNDA:0,statusBadgeClass
FNDA:0,MetaAdChecklistSection
FNDA:0,(anonymous_3)
FNDA:0,(anonymous_4)
FNDA:0,MetaAdRecordCard
FNDA:0,(anonymous_6)
FNDA:0,(anonymous_7)
FNDA:0,(anonymous_8)
FNDA:0,(anonymous_9)
FNDA:0,(anonymous_10)
FNDA:0,(anonymous_11)
FNDA:0,(anonymous_12)
FNDA:0,(anonymous_13)
FNDA:0,(anonymous_14)
[...]
BRDA:5740,721,1,0
BRDA:5741,722,0,0
BRDA:5741,722,1,0
BRDA:5778,723,0,0
BRDA:5778,723,1,0
BRDA:5779,724,0,0
BRDA:5779,724,1,0
BRDA:5784,725,0,0
BRDA:5784,725,1,0
BRDA:5797,726,0,0
BRDA:5797,726,1,0
BRDA:5803,727,0,0
BRDA:5803,727,1,0
BRDA:5806,728,0,0
BRDA:5806,728,1,0
BRDA:5845,729,0,0
BRDA:5845,729,1,0
BRDA:5850,730,0,0
BRDA:5850,730,1,0
BRDA:5850,731,0,0
BRDA:5850,731,1,0
BRDA:5890,732,0,0
BRDA:5890,732,1,0
BRDA:5891,733,0,0
BRDA:5891,733,1,0
BRDA:5896,734,0,0
BRDA:5896,734,1,0
BRDA:5898,735,0,0
BRDA:5898,735,1,0
BRDA:5898,735,2,0
BRDA:5898,735,3,0
BRDA:5902,736,0,0
BRDA:5902,736,1,0
BRDA:5902,737,0,0
BRDA:5902,737,1,0
BRDA:5911,738,0,0
BRDA:5911,738,1,0
BRDA:5917,739,0,0
BRDA:5917,739,1,0
BRDA:5920,740,0,0
BRDA:5920,740,1,0
BRDA:5949,741,0,0
BRDA:5949,741,1,0
BRDA:5957,742,0,0
BRDA:5957,742,1,0
BRDA:5971,743,0,0
BRDA:5971,743,1,0
BRDA:5974,744,0,0
BRDA:5974,744,1,0
BRDA:5976,745,0,0
BRDA:5976,745,1,0
BRDA:5976,746,0,0
BRDA:5976,746,1,0
BRDA:5986,747,0,0
BRDA:5995,748,0,0
BRDA:5995,748,1,0
BRDA:5998,749,0,0
BRDA:5998,749,1,0
BRDA:5998,749,2,0
BRDA:6003,750,0,0
BRDA:6003,750,1,0
BRDA:6008,751,0,0
BRDA:6008,751,1,0
BRDA:6011,752,0,0
BRDA:6011,752,1,0
BRDA:6018,753,0,0
BRDA:6018,753,1,0
BRDA:6027,754,0,0
BRDA:6027,754,1,0
BRDA:6043,755,0,0
BRDA:6043,755,1,0
BRDA:6044,756,0,0
BRDA:6044,756,1,0
BRDA:6065,757,0,0
BRDA:6065,757,1,0
BRDA:6071,758,0,0
BRDA:6071,758,1,0
BRDA:6086,759,0,0
BRDA:6086,759,1,0
BRDA:6090,760,0,0
BRDA:6090,760,1,0
BRDA:6096,761,0,0
BRDA:6096,761,1,0
BRDA:6097,762,0,0
BRDA:6097,762,1,0
BRDA:6111,763,0,0
BRDA:6111,763,1,0
BRDA:6126,764,0,0
BRDA:6126,764,1,0
BRDA:6134,765,0,0
BRDA:6134,765,1,0
BRDA:6157,766,0,0
BRDA:6157,766,1,0
BRDA:6176,767,0,0
BRDA:6176,767,1,0
BRDA:6176,767,2,0
BRDA:6184,768,0,0
BRDA:6184,768,1,0
BRDA:6192,769,0,0
BRDA:6192,769,1,0
BRDA:6211,770,0,0
BRDA:6211,770,1,0
BRDA:6223,771,0,0
BRDA:6223,771,1,0
BRDA:6225,772,0,0
BRDA:6225,772,1,0
BRDA:6246,773,0,0
BRDA:6246,773,1,0
BRDA:6280,774,0,0
BRDA:6280,774,1,0
BRDA:6286,775,0,0
BRDA:6286,775,1,0
BRDA:6382,776,0,0
BRDA:6382,776,1,0
BRDA:6388,777,0,0
BRDA:6388,777,1,0
BRDA:6400,778,0,0
BRDA:6400,778,1,0
BRDA:6401,779,0,0
BRDA:6401,779,1,0
BRDA:6409,780,0,0
BRDA:6409,780,1,0
BRDA:6411,781,0,0
BRDA:6411,781,1,0
BRDA:6423,782,0,0
BRDA:6423,782,1,0
BRDA:6469,783,0,0
BRDA:6469,783,1,0
BRDA:6477,784,0,0
BRDA:6477,784,1,0
BRDA:6491,785,0,0
BRDA:6491,785,1,0
BRDA:6509,786,0,0
BRDA:6509,786,1,0
BRDA:6509,787,0,0
BRDA:6509,787,1,0
BRDA:6527,788,0,0
BRDA:6527,788,1,0
BRDA:6528,789,0,0
BRDA:6528,789,1,0
BRDA:6534,790,0,0
BRDA:6534,790,1,0
BRDA:6539,791,0,0
BRDA:6539,791,1,0
BRDA:6557,792,0,0
BRDA:6557,792,1,0
BRDA:6559,793,0,0
BRDA:6559,793,1,0
BRDA:6576,794,0,0
BRDA:6576,794,1,0
BRDA:6598,795,0,0
BRDA:6598,795,1,0
BRDA:6606,796,0,0
BRDA:6606,796,1,0
BRDA:6609,797,0,0
BRDA:6609,797,1,0
BRDA:6617,798,0,0
BRDA:6617,798,1,0
BRDA:6620,799,0,0
BRDA:6620,799,1,0
BRDA:6624,800,0,0
BRDA:6624,800,1,0
BRDA:6626,801,0,0
BRDA:6626,801,1,0
BRDA:6637,802,0,0
BRDA:6637,802,1,0
BRDA:6710,803,0,0
BRDA:6710,803,1,0
BRDA:6710,804,0,0
BRDA:6710,804,1,0
BRDA:6713,805,0,0
BRDA:6713,805,1,0
BRDA:6714,806,0,0
BRDA:6714,806,1,0
BRDA:6716,807,0,0
BRDA:6716,807,1,0
BRDA:6727,808,0,0
BRDA:6727,808,1,0
BRDA:6730,809,0,0
BRDA:6730,809,1,0
BRDA:6730,809,2,0
BRDA:6730,809,3,0
BRDA:6730,809,4,0
BRDA:6737,810,0,0
BRDA:6737,810,1,0
BRDA:6751,811,0,0
BRDA:6751,811,1,0
BRDA:6758,812,0,0
BRDA:6758,812,1,0
BRDA:6765,813,0,0
BRDA:6765,813,1,0
BRDA:6765,814,0,0
BRDA:6765,814,1,0
BRDA:6766,815,0,0
BRDA:6766,815,1,0
BRDA:6778,816,0,0
BRDA:6778,816,1,0
BRDA:6790,817,0,0
BRDA:6790,817,1,0
BRDA:6790,817,2,0
BRDA:6795,818,0,0
BRDA:6795,818,1,0
BRDA:6795,819,0,0
BRDA:6795,819,1,0
BRDA:6796,820,0,0
BRDA:6796,820,1,0
BRDA:6815,821,0,0
BRDA:6815,821,1,0
BRDA:6869,822,0,0
BRDA:6869,822,1,0
BRDA:6884,823,0,0
BRDA:6884,823,1,0
BRDA:6885,824,0,0
BRDA:6885,824,1,0
BRDA:6885,825,0,0
BRDA:6885,825,1,0
BRDA:6888,826,0,0
BRDA:6888,826,1,0
BRDA:6888,827,0,0
BRDA:6888,827,1,0
BRDA:6901,828,0,0
BRDA:6901,828,1,0
BRDA:6910,829,0,0
BRDA:6910,829,1,0
BRDA:6942,830,0,0
BRDA:6942,830,1,0
BRDA:6945,831,0,0
BRDA:6945,831,1,0
BRDA:6987,832,0,0
BRDA:6987,832,1,0
BRDA:6987,833,0,0
BRDA:6987,833,1,0
BRDA:6995,834,0,0
BRDA:6995,834,1,0
BRDA:7010,835,0,0
BRDA:7010,835,1,0
BRDA:7089,836,0,0
BRDA:7089,836,1,0
BRF:1743
BRH:0
end_of_record
TN:
SF:src\routes\unsubscribe.tsx
FN:9,UnsubscribePage
FN:16,(anonymous_1)
FN:21,(anonymous_2)
FN:27,(anonymous_3)
FN:28,(anonymous_4)
FN:42,(anonymous_5)
FN:45,(anonymous_6)
FNF:7
FNH:0
FNDA:0,UnsubscribePage
FNDA:0,(anonymous_1)
FNDA:0,(anonymous_2)
FNDA:0,(anonymous_3)
FNDA:0,(anonymous_4)
FNDA:0,(anonymous_5)
FNDA:0,(anonymous_6)
DA:5,0
DA:10,0
DA:13,0
DA:14,0
DA:16,0
DA:17,0
DA:18,0
DA:21,0
DA:22,0
DA:23,0
DA:24,0
DA:26,0
DA:28,0
DA:29,0
DA:30,0
DA:31,0
DA:32,0
DA:34,0
DA:35,0
DA:36,0
DA:38,0
DA:39,0
DA:42,0
DA:45,0
DA:46,0
DA:47,0
DA:48,0
DA:49,0
DA:54,0
DA:55,0
DA:57,0
DA:58,0
DA:62,0
LF:33
LH:0
BRDA:17,0,0,0
BRDA:17,0,1,0
BRDA:22,1,0,0
BRDA:22,1,1,0
BRDA:29,2,0,0
BRDA:29,2,1,0
BRDA:31,3,0,0
BRDA:31,3,1,0
BRDA:34,4,0,0
BRDA:34,4,1,0
BRDA:35,5,0,0
BRDA:35,5,1,0
BRDA:38,6,0,0
BRDA:38,6,1,0
BRDA:46,7,0,0
BRDA:46,7,1,0
BRDA:54,8,0,0
BRDA:54,8,1,0
BRDA:66,9,0,0
BRDA:66,9,1,0
BRDA:67,10,0,0
BRDA:67,10,1,0
BRDA:70,11,0,0
BRDA:70,11,1,0
BRDA:81,12,0,0
BRDA:81,12,1,0
BRDA:82,13,0,0
BRDA:82,13,1,0
BRDA:85,14,0,0
BRDA:85,14,1,0
BRDA:96,15,0,0
BRDA:96,15,1,0
BRDA:98,16,0,0
BRDA:98,16,1,0
BRDA:107,17,0,0
BRDA:107,17,1,0
BRDA:109,18,0,0
BRDA:109,18,1,0
BRDA:112,19,0,0
BRDA:112,19,1,0
BRF:40
BRH:0
end_of_record
TN:
SF:src\routes\users.tsx
FN:5,(anonymous_0)
FN:8,(anonymous_1)
FNF:2
FNH:0
FNDA:0,(anonymous_0)
FNDA:0,(anonymous_1)
DA:4,0
DA:6,0
DA:8,0
LF:3
LH:0
BRF:0
BRH:0
end_of_record
TN:
SF:src\routes\visits.tsx
FN:12,(anonymous_0)
FN:35,VisitsPage
FN:41,load
FN:54,(anonymous_3)
FN:58,(anonymous_4)
FN:61,(anonymous_5)
FN:64,(anonymous_6)
FN:69,(anonymous_7)
FN:69,(anonymous_8)
FN:87,(anonymous_9)
FN:118,(anonymous_10)
FNF:11
FNH:0
FNDA:0,(anonymous_0)
FNDA:0,VisitsPage
FNDA:0,load
FNDA:0,(anonymous_3)
FNDA:0,(anonymous_4)
FNDA:0,(anonymous_5)
FNDA:0,(anonymous_6)
FNDA:0,(anonymous_7)
FNDA:0,(anonymous_8)
FNDA:0,(anonymous_9)
FNDA:0,(anonymous_10)
DA:11,0
DA:12,0
DA:36,0
DA:37,0
DA:38,0
DA:39,0
DA:42,0
DA:43,0
DA:50,0
DA:51,0
DA:54,0
DA:55,0
DA:58,0
DA:59,0
DA:60,0
DA:61,0
DA:62,0
DA:64,0
DA:68,0
DA:69,0
DA:73,0
DA:74,0
DA:81,0
DA:87,0
DA:119,0
LF:25
LH:0
BRDA:50,0,0,0
BRDA:50,0,1,0
BRDA:50,1,0,0
BRDA:50,1,1,0
BRDA:55,2,0,0
BRDA:55,2,1,0
BRDA:60,3,0,0
BRDA:60,3,1,0
BRDA:73,4,0,0
BRDA:73,4,1,0
BRDA:92,5,0,0
BRDA:92,5,1,0
BRDA:123,6,0,0
BRDA:123,6,1,0
BRDA:125,7,0,0
BRDA:125,7,1,0
BRDA:126,8,0,0
BRDA:126,8,1,0
BRDA:131,9,0,0
BRDA:131,9,1,0
BRDA:134,10,0,0
BRDA:134,10,1,0
BRDA:137,11,0,0
BRDA:137,11,1,0
BRDA:141,12,0,0
BRDA:141,12,1,0
BRDA:141,12,2,0
BRF:27
BRH:0
end_of_record
TN:
SF:src\routes\workbook.tsx
FN:23,(anonymous_0)
FN:39,WorkbookLandingPage
FNF:2
FNH:0
FNDA:0,(anonymous_0)
FNDA:0,WorkbookLandingPage
DA:20,0
DA:22,0
DA:23,0
DA:40,0
LF:4
LH:0
BRF:0
BRH:0
end_of_record
TN:
SF:src\routes\api\product-research.ts
FNF:0
FNH:0
LF:0
LH:0
BRF:0
BRH:0
end_of_record
TN:
SF:src\routes\api\the-new-pra.ts
FN:10,(anonymous_0)
FN:13,(anonymous_1)
FNF:2
FNH:0
FNDA:0,(anonymous_0)
FNDA:0,(anonymous_1)
DA:9,0
DA:11,0
DA:14,0
DA:15,0
DA:17,0
DA:18,0
DA:20,0
DA:21,0
DA:23,0
LF:9
LH:0
BRDA:20,0,0,0
BRDA:20,0,1,0
BRDA:21,1,0,0
BRDA:21,1,1,0
BRF:4
BRH:0
end_of_record
TN:
SF:src\routes\api\cron\qa-daily-summary.ts
FN:19,(anonymous_0)
FNF:1
FNH:0
FNDA:0,(anonymous_0)
DA:16,0
DA:20,0
DA:21,0
DA:22,0
DA:25,0
DA:26,0
DA:31,0
DA:32,0
DA:35,0
DA:36,0
DA:37,0
DA:42,0
DA:43,0
DA:44,0
LF:14
LH:0
BRDA:21,0,0,0
BRDA:21,0,1,0
BRDA:21,0,2,0
BRDA:22,1,0,0
BRDA:22,1,1,0
BRDA:25,2,0,0
BRDA:25,2,1,0
BRDA:31,3,0,0
BRDA:31,3,1,0
BRDA:42,4,0,0
BRDA:42,4,1,0
BRF:11
BRH:0
end_of_record
TN:
SF:src\routes\api\email\suppression.ts
FN:18,parseSuppressionPayload
FN:30,mapReasonToStatus
FN:41,mapReasonToMessage
FN:57,(anonymous_3)
FNF:4
FNH:0
FNDA:0,parseSuppressionPayload
FNDA:0,mapReasonToStatus
FNDA:0,mapReasonToMessage
FNDA:0,(anonymous_3)
DA:19,0
DA:20,0
DA:21,0
DA:23,0
DA:24,0
DA:25,0
DA:27,0
DA:31,0
DA:33,0
DA:35,0
DA:37,0
DA:42,0
DA:44,0
DA:46,0
DA:48,0
DA:50,0
DA:54,0
DA:58,0
DA:59,0
DA:60,0
DA:62,0
DA:63,0
DA:64,0
DA:69,0
DA:70,0
DA:75,0
DA:77,0
DA:78,0
DA:80,0
DA:81,0
DA:83,0
DA:84,0
DA:87,0
DA:88,0
DA:90,0
DA:94,0
DA:97,0
DA:98,0
DA:101,0
DA:102,0
DA:105,0
DA:114,0
DA:115,0
DA:119,0
DA:123,0
DA:124,0
DA:126,0
DA:135,0
DA:137,0
DA:142,0
DA:150,0
LF:51
LH:0
BRDA:20,0,0,0
BRDA:20,0,1,0
BRDA:24,1,0,0
BRDA:24,1,1,0
BRDA:24,2,0,0
BRDA:24,2,1,0
BRDA:31,3,0,0
BRDA:31,3,1,0
BRDA:31,3,2,0
BRDA:42,4,0,0
BRDA:42,4,1,0
BRDA:42,4,2,0
BRDA:42,4,3,0
BRDA:62,5,0,0
BRDA:62,5,1,0
BRDA:62,6,0,0
BRDA:62,6,1,0
BRDA:62,6,2,0
BRDA:77,7,0,0
BRDA:77,7,1,0
BRDA:78,8,0,0
BRDA:78,8,1,0
BRDA:78,8,2,0
BRDA:78,8,3,0
BRDA:78,8,4,0
BRDA:109,9,0,0
BRDA:109,9,1,0
BRDA:114,10,0,0
BRDA:114,10,1,0
BRDA:127,11,0,0
BRDA:127,11,1,0
BRDA:132,12,0,0
BRDA:132,12,1,0
BRDA:135,13,0,0
BRDA:135,13,1,0
BRF:35
BRH:0
end_of_record
TN:
SF:src\routes\api\email\auth\preview.ts
FN:65,(anonymous_0)
FNF:1
FNH:0
FNDA:0,(anonymous_0)
DA:15,0
DA:25,0
DA:26,0
DA:27,0
DA:62,0
DA:66,0
DA:68,0
DA:69,0
DA:73,0
DA:74,0
DA:75,0
DA:79,0
DA:80,0
DA:81,0
DA:83,0
DA:86,0
DA:88,0
DA:89,0
DA:92,0
DA:93,0
DA:95,0
LF:21
LH:0
BRDA:68,0,0,0
BRDA:68,0,1,0
BRDA:74,1,0,0
BRDA:74,1,1,0
BRDA:74,2,0,0
BRDA:74,2,1,0
BRDA:88,3,0,0
BRDA:88,3,1,0
BRDA:92,4,0,0
BRDA:92,4,1,0
BRF:10
BRH:0
end_of_record
TN:
SF:src\routes\api\email\auth\webhook.ts
FN:49,redactEmail
FN:59,(anonymous_1)
FNF:2
FNH:0
FNDA:0,redactEmail
FNDA:0,(anonymous_1)
DA:30,0
DA:40,0
DA:50,0
DA:51,0
DA:52,0
DA:53,0
DA:56,0
DA:60,0
DA:62,0
DA:63,0
DA:64,0
DA:69,0
DA:70,0
DA:71,0
DA:76,0
DA:77,0
DA:79,0
DA:80,0
DA:85,0
DA:86,0
DA:89,0
DA:90,0
DA:94,0
DA:95,0
DA:98,0
DA:99,0
DA:100,0
DA:103,0
DA:104,0
DA:105,0
DA:113,0
DA:114,0
DA:120,0
DA:121,0
DA:122,0
DA:123,0
DA:128,0
DA:132,0
DA:144,0
DA:145,0
DA:146,0
DA:147,0
DA:149,0
DA:150,0
DA:158,0
DA:159,0
DA:160,0
DA:162,0
DA:163,0
DA:164,0
DA:166,0
DA:167,0
DA:168,0
DA:171,0
DA:172,0
DA:175,0
DA:182,0
DA:199,0
DA:200,0
DA:201,0
DA:208,0
DA:211,0
DA:217,0
DA:226,0
DA:228,0
LF:65
LH:0
BRDA:50,0,0,0
BRDA:50,0,1,0
BRDA:52,1,0,0
BRDA:52,1,1,0
BRDA:52,2,0,0
BRDA:52,2,1,0
BRDA:62,3,0,0
BRDA:62,3,1,0
BRDA:79,4,0,0
BRDA:79,4,1,0
BRDA:80,5,0,0
BRDA:80,5,1,0
BRDA:80,5,2,0
BRDA:80,5,3,0
BRDA:80,5,4,0
BRDA:80,5,5,0
BRDA:98,6,0,0
BRDA:98,6,1,0
BRDA:103,7,0,0
BRDA:103,7,1,0
BRDA:121,8,0,0
BRDA:121,8,1,0
BRDA:128,9,0,0
BRDA:128,9,1,0
BRDA:147,10,0,0
BRDA:147,10,1,0
BRDA:166,11,0,0
BRDA:166,11,1,0
BRDA:166,12,0,0
BRDA:166,12,1,0
BRDA:199,13,0,0
BRDA:199,13,1,0
BRDA:219,14,0,0
BRDA:219,14,1,0
BRF:34
BRH:0
end_of_record
TN:
SF:src\routes\api\email\queue\process.ts
FN:9,(anonymous_0)
FNF:1
FNH:0
FNDA:0,(anonymous_0)
DA:6,0
DA:10,0
DA:11,0
DA:12,0
DA:15,0
DA:16,0
DA:17,0
DA:20,0
DA:21,0
DA:22,0
DA:25,0
DA:29,0
DA:35,0
DA:36,0
DA:37,0
DA:40,0
DA:41,0
DA:42,0
DA:44,0
DA:45,0
DA:46,0
LF:21
LH:0
BRDA:11,0,0,0
BRDA:11,0,1,0
BRDA:16,1,0,0
BRDA:16,1,1,0
BRDA:20,2,0,0
BRDA:20,2,1,0
BRDA:21,3,0,0
BRDA:21,3,1,0
BRDA:35,4,0,0
BRDA:35,4,1,0
BRDA:44,5,0,0
BRDA:44,5,1,0
BRF:12
BRH:0
end_of_record
TN:
SF:src\routes\api\email\transactional\preview.ts
FN:12,(anonymous_0)
FNF:1
FNH:0
FNDA:0,(anonymous_0)
DA:9,0
DA:13,0
DA:14,0
DA:15,0
DA:19,0
DA:20,0
DA:21,0
DA:22,0
DA:25,0
DA:33,0
DA:35,0
DA:36,0
DA:37,0
DA:39,0
DA:40,0
DA:47,0
DA:50,0
DA:51,0
DA:53,0
DA:57,0
DA:65,0
DA:69,0
DA:80,0
LF:23
LH:0
BRDA:14,0,0,0
BRDA:14,0,1,0
BRDA:21,1,0,0
BRDA:21,1,1,0
BRDA:37,2,0,0
BRDA:37,2,1,0
BRDA:39,3,0,0
BRDA:39,3,1,0
BRDA:53,4,0,0
BRDA:53,4,1,0
BRDA:75,5,0,0
BRDA:75,5,1,0
BRF:12
BRH:0
end_of_record
TN:
SF:src\routes\api\email\transactional\send.ts
FN:10,(anonymous_0)
FN:43,(anonymous_1)
FNF:2
FNH:1
FNDA:1,(anonymous_0)
FNDA:0,(anonymous_1)
DA:7,1
DA:11,1
DA:12,1
DA:14,1
DA:15,0
DA:16,0
DA:19,1
DA:20,1
DA:21,1
DA:24,0
DA:25,0
DA:26,0
DA:30,0
DA:31,0
DA:32,0
DA:34,0
DA:38,0
DA:39,0
DA:40,0
DA:42,0
DA:43,0
DA:44,0
DA:45,0
DA:53,0
DA:54,0
DA:55,0
DA:56,0
DA:57,1
DA:58,1
DA:59,1
DA:60,1
DA:61,0
DA:64,0
DA:67,0
DA:68,0
DA:71,0
DA:79,0
DA:80,0
DA:81,0
DA:83,0
DA:84,0
DA:87,0
DA:89,0
LF:43
LH:11
BRDA:14,0,0,0
BRDA:14,0,1,1
BRDA:14,1,0,1
BRDA:14,1,1,1
BRDA:20,2,0,1
BRDA:20,2,1,0
BRDA:26,3,0,0
BRDA:26,3,1,0
BRDA:31,4,0,0
BRDA:31,4,1,0
BRDA:31,5,0,0
BRDA:31,5,1,0
BRDA:38,6,0,0
BRDA:38,6,1,0
BRDA:43,7,0,0
BRDA:43,7,1,0
BRDA:44,8,0,0
BRDA:44,8,1,0
BRDA:56,9,0,0
BRDA:56,9,1,0
BRDA:57,10,0,1
BRDA:57,10,1,0
BRDA:59,11,0,1
BRDA:59,11,1,0
BRDA:59,11,2,0
BRDA:60,12,0,0
BRDA:60,12,1,1
BRDA:60,13,0,1
BRDA:60,13,1,0
BRDA:67,14,0,0
BRDA:67,14,1,0
BRDA:79,15,0,0
BRDA:79,15,1,0
BRDA:80,16,0,0
BRDA:80,16,1,0
BRDA:80,17,0,0
BRDA:80,17,1,0
BRF:37
BRH:8
end_of_record
TN:
SF:src\routes\api\public\send-test-email.ts
FN:22,generateUnsubscribeToken
FN:26,(anonymous_1)
FN:30,getOrCreateUnsubscribeToken
FN:51,adminBccRecipients
FN:55,allTestTemplateNames
FN:56,(anonymous_5)
FN:70,resolveTestTemplate
FN:81,(anonymous_7)
FN:97,sendOneTestEmail
FN:226,(anonymous_9)
FN:262,(anonymous_10)
FN:265,(anonymous_11)
FN:266,(anonymous_12)
FNF:13
FNH:1
FNDA:0,generateUnsubscribeToken
FNDA:0,(anonymous_1)
FNDA:0,getOrCreateUnsubscribeToken
FNDA:0,adminBccRecipients
FNDA:0,allTestTemplateNames
FNDA:0,(anonymous_5)
FNDA:0,resolveTestTemplate
FNDA:0,(anonymous_7)
FNDA:0,sendOneTestEmail
FNDA:2,(anonymous_9)
FNDA:0,(anonymous_10)
FNDA:0,(anonymous_11)
FNDA:0,(anonymous_12)
DA:23,0
DA:24,0
DA:25,0
DA:26,0
DA:31,0
DA:32,0
DA:37,0
DA:38,0
DA:39,0
DA:42,0
DA:47,0
DA:48,0
DA:52,0
DA:56,0
DA:57,0
DA:58,0
DA:60,0
DA:71,0
DA:72,0
DA:73,0
DA:75,0
DA:76,0
DA:81,0
DA:82,0
DA:83,0
DA:87,0
DA:90,0
DA:102,0
DA:103,0
DA:104,0
DA:107,0
DA:108,0
DA:111,0
DA:112,0
DA:113,0
DA:114,0
DA:116,0
DA:117,0
DA:125,0
DA:126,0
DA:127,0
DA:129,0
DA:131,0
DA:134,0
DA:136,0
DA:143,0
DA:161,0
DA:162,0
DA:169,0
DA:172,0
DA:173,0
DA:174,0
DA:175,0
DA:176,0
DA:177,0
DA:178,0
DA:179,0
DA:180,0
DA:181,0
DA:187,0
DA:204,0
DA:205,0
DA:213,0
DA:216,0
DA:223,1
DA:227,2
DA:228,2
DA:229,2
DA:231,2
DA:232,1
DA:237,1
DA:238,1
DA:243,0
DA:244,0
DA:245,0
DA:246,0
DA:247,0
DA:248,0
DA:250,0
DA:253,0
DA:254,0
DA:257,0
DA:258,0
DA:259,0
DA:260,0
DA:261,0
DA:262,0
DA:264,0
DA:265,0
DA:266,0
DA:267,0
DA:278,0
DA:279,0
DA:280,0
DA:283,0
DA:285,0
LF:96
LH:8
BRDA:37,0,0,0
BRDA:37,0,1,0
BRDA:37,1,0,0
BRDA:37,1,1,0
BRDA:47,2,0,0
BRDA:47,2,1,0
BRDA:73,3,0,0
BRDA:73,3,1,0
BRDA:73,4,0,0
BRDA:73,4,1,0
BRDA:75,5,0,0
BRDA:75,5,1,0
BRDA:76,6,0,0
BRDA:76,6,1,0
BRDA:76,6,2,0
BRDA:82,7,0,0
BRDA:82,7,1,0
BRDA:83,8,0,0
BRDA:83,8,1,0
BRDA:87,9,0,0
BRDA:87,9,1,0
BRDA:103,10,0,0
BRDA:103,10,1,0
BRDA:108,11,0,0
BRDA:108,11,1,0
BRDA:131,12,0,0
BRDA:131,12,1,0
BRDA:131,12,2,0
BRDA:161,13,0,0
BRDA:161,13,1,0
BRDA:176,14,0,0
BRDA:176,14,1,0
BRDA:176,15,0,0
BRDA:176,15,1,0
BRDA:178,16,0,0
BRDA:178,16,1,0
BRDA:178,17,0,0
BRDA:178,17,1,0
BRDA:204,18,0,0
BRDA:204,18,1,0
BRDA:231,19,0,1
BRDA:231,19,1,1
BRDA:237,20,0,1
BRDA:237,20,1,0
BRDA:253,21,0,0
BRDA:253,21,1,0
BRDA:253,22,0,0
BRDA:253,22,1,0
BRDA:257,23,0,0
BRDA:257,23,1,0
BRDA:278,24,0,0
BRDA:278,24,1,0
BRDA:279,25,0,0
BRDA:279,25,1,0
BRF:54
BRH:3
end_of_record
TN:
SF:src\routes\api\public\track-lead-event.ts
FN:7,getClientIp
FN:23,(anonymous_1)
FN:25,(anonymous_2)
FNF:3
FNH:0
FNDA:0,getClientIp
FNDA:0,(anonymous_1)
FNDA:0,(anonymous_2)
DA:8,0
DA:9,0
DA:14,0
DA:15,0
DA:17,0
DA:20,0
DA:24,0
DA:25,0
DA:26,0
DA:27,0
DA:28,0
DA:32,0
DA:37,0
DA:41,0
DA:55,0
DA:57,0
DA:58,0
LF:17
LH:0
BRDA:12,0,0,0
BRDA:12,0,1,0
BRDA:15,1,0,0
BRDA:15,1,1,0
BRDA:15,2,0,0
BRDA:15,2,1,0
BRDA:26,3,0,0
BRDA:26,3,1,0
BRDA:27,4,0,0
BRDA:27,4,1,0
BRDA:32,5,0,0
BRDA:32,5,1,0
BRDA:37,6,0,0
BRDA:37,6,1,0
BRDA:37,7,0,0
BRDA:37,7,1,0
BRDA:45,8,0,0
BRDA:45,8,1,0
BRDA:46,9,0,0
BRDA:46,9,1,0
BRDA:47,10,0,0
BRDA:47,10,1,0
BRDA:48,11,0,0
BRDA:48,11,1,0
BRF:24
BRH:0
end_of_record
TN:
SF:src\routes\api\public\track-visit.ts
FN:4,getClientIp
FN:17,lookupGeo
FN:45,(anonymous_2)
FN:47,(anonymous_3)
FNF:4
FNH:0
FNDA:0,getClientIp
FNDA:0,lookupGeo
FNDA:0,(anonymous_2)
FNDA:0,(anonymous_3)
DA:5,0
DA:6,0
DA:11,0
DA:12,0
DA:14,0
DA:18,0
DA:19,0
DA:23,0
DA:24,0
DA:25,0
DA:26,0
DA:38,0
DA:42,0
DA:46,0
DA:47,0
DA:48,0
DA:49,0
DA:51,0
DA:52,0
DA:53,0
DA:54,0
DA:55,0
DA:56,0
DA:57,0
DA:59,0
DA:62,0
DA:63,0
DA:65,0
DA:67,0
DA:75,0
DA:76,0
DA:77,0
DA:79,0
DA:81,0
DA:82,0
LF:35
LH:0
BRDA:9,0,0,0
BRDA:9,0,1,0
BRDA:12,1,0,0
BRDA:12,1,1,0
BRDA:12,2,0,0
BRDA:12,2,1,0
BRDA:23,3,0,0
BRDA:23,3,1,0
BRDA:25,4,0,0
BRDA:25,4,1,0
BRDA:27,5,0,0
BRDA:27,5,1,0
BRDA:28,6,0,0
BRDA:28,6,1,0
BRDA:29,7,0,0
BRDA:29,7,1,0
BRDA:29,7,2,0
BRDA:30,8,0,0
BRDA:30,8,1,0
BRDA:31,9,0,0
BRDA:31,9,1,0
BRDA:32,10,0,0
BRDA:32,10,1,0
BRDA:33,11,0,0
BRDA:33,11,1,0
BRDA:34,12,0,0
BRDA:34,12,1,0
BRDA:35,13,0,0
BRDA:35,13,1,0
BRDA:48,14,0,0
BRDA:48,14,1,0
BRDA:49,15,0,0
BRDA:49,15,1,0
BRDA:53,16,0,0
BRDA:53,16,1,0
BRDA:57,17,0,0
BRDA:57,17,1,0
BRDA:63,18,0,0
BRDA:63,18,1,0
BRDA:65,19,0,0
BRDA:65,19,1,0
BRDA:73,20,0,0
BRDA:73,20,1,0
BRDA:75,21,0,0
BRDA:75,21,1,0
BRF:45
BRH:0
end_of_record
TN:
SF:src\routes\api\public\transcribe.ts
FN:15,(anonymous_0)
FN:16,(anonymous_1)
FNF:2
FNH:0
FNDA:0,(anonymous_0)
FNDA:0,(anonymous_1)
DA:4,0
DA:6,0
DA:12,0
DA:15,0
DA:17,0
DA:18,0
DA:19,0
DA:20,0
DA:21,0
DA:26,0
DA:27,0
DA:29,0
DA:30,0
DA:36,0
DA:37,0
DA:39,0
DA:40,0
DA:41,0
LF:18
LH:0
BRDA:20,0,0,0
BRDA:20,0,1,0
BRDA:20,1,0,0
BRDA:20,1,1,0
BRDA:26,2,0,0
BRDA:26,2,1,0
BRDA:29,3,0,0
BRDA:29,3,1,0
BRDA:36,4,0,0
BRDA:36,4,1,0
BRDA:39,5,0,0
BRDA:39,5,1,0
BRDA:40,6,0,0
BRDA:40,6,1,0
BRF:14
BRH:0
end_of_record
TN:
SF:src\routes\api\stripe\webhook.ts
FN:8,(anonymous_0)
FNF:1
FNH:0
FNDA:0,(anonymous_0)
DA:5,0
DA:9,0
DA:10,0
DA:11,0
DA:12,0
DA:15,0
DA:16,0
DA:17,0
DA:20,0
DA:23,0
DA:24,0
DA:25,0
DA:27,0
DA:28,0
DA:31,0
DA:32,0
DA:33,0
DA:35,0
DA:36,0
LF:19
LH:0
BRDA:10,0,0,0
BRDA:10,0,1,0
BRDA:16,1,0,0
BRDA:16,1,1,0
BRF:4
BRH:0
end_of_record
TN:
SF:src\routes\dashboard\product-research.tsx
FN:10,ProductResearchDashboard
FN:16,(anonymous_1)
FN:43,(anonymous_2)
FNF:3
FNH:0
FNDA:0,ProductResearchDashboard
FNDA:0,(anonymous_1)
FNDA:0,(anonymous_2)
DA:11,0
DA:12,0
DA:13,0
DA:14,0
DA:16,0
DA:17,0
DA:18,0
DA:19,0
DA:20,0
DA:21,0
DA:22,0
DA:23,0
DA:25,0
DA:26,0
DA:28,0
DA:32,0
DA:43,0
DA:70,0
LF:18
LH:0
BRDA:52,0,0,0
BRDA:52,0,1,0
BRDA:55,1,0,0
BRDA:55,1,1,0
BRDA:58,2,0,0
BRDA:58,2,1,0
BRDA:61,3,0,0
BRDA:61,3,1,0
BRDA:62,4,0,0
BRDA:62,4,1,0
BRF:10
BRH:0
end_of_record
TN:
SF:src\routes\email\unsubscribe.ts
FN:5,redactEmail
FN:15,(anonymous_1)
FN:51,(anonymous_2)
FNF:3
FNH:0
FNDA:0,redactEmail
FNDA:0,(anonymous_1)
FNDA:0,(anonymous_2)
DA:6,0
DA:7,0
DA:8,0
DA:9,0
DA:12,0
DA:16,0
DA:17,0
DA:19,0
DA:20,0
DA:24,0
DA:25,0
DA:27,0
DA:28,0
DA:31,0
DA:34,0
DA:40,0
DA:41,0
DA:44,0
DA:45,0
DA:48,0
DA:52,0
DA:53,0
DA:55,0
DA:56,0
DA:60,0
DA:61,0
DA:66,0
DA:67,0
DA:68,0
DA:69,0
DA:72,0
DA:73,0
DA:74,0
DA:75,0
DA:80,0
DA:81,0
DA:82,0
DA:83,0
DA:90,0
DA:91,0
DA:94,0
DA:97,0
DA:103,0
DA:104,0
DA:107,0
DA:108,0
DA:112,0
DA:120,0
DA:121,0
DA:122,0
DA:125,0
DA:126,0
DA:130,0
DA:137,0
DA:138,0
DA:142,0
DA:145,0
DA:149,0
LF:58
LH:0
BRDA:6,0,0,0
BRDA:6,0,1,0
BRDA:8,1,0,0
BRDA:8,1,1,0
BRDA:8,2,0,0
BRDA:8,2,1,0
BRDA:19,3,0,0
BRDA:19,3,1,0
BRDA:19,4,0,0
BRDA:19,4,1,0
BRDA:27,5,0,0
BRDA:27,5,1,0
BRDA:40,6,0,0
BRDA:40,6,1,0
BRDA:40,7,0,0
BRDA:40,7,1,0
BRDA:44,8,0,0
BRDA:44,8,1,0
BRDA:55,9,0,0
BRDA:55,9,1,0
BRDA:55,10,0,0
BRDA:55,10,1,0
BRDA:66,11,0,0
BRDA:66,11,1,0
BRDA:67,12,0,0
BRDA:67,12,1,0
BRDA:72,13,0,0
BRDA:72,13,1,0
BRDA:74,14,0,0
BRDA:74,14,1,0
BRDA:82,15,0,0
BRDA:82,15,1,0
BRDA:90,16,0,0
BRDA:90,16,1,0
BRDA:103,17,0,0
BRDA:103,17,1,0
BRDA:103,18,0,0
BRDA:103,18,1,0
BRDA:107,19,0,0
BRDA:107,19,1,0
BRDA:120,20,0,0
BRDA:120,20,1,0
BRDA:125,21,0,0
BRDA:125,21,1,0
BRDA:137,22,0,0
BRDA:137,22,1,0
BRF:46
BRH:0
end_of_record
TN:
SF:src\types\LeadGenerator.ts
FNF:0
FNH:0
LF:0
LH:0
BRF:0
BRH:0
end_of_record
TN:
SF:src\types\MedicareAd.ts
FNF:0
FNH:0
LF:0
LH:0
BRF:0
BRH:0
end_of_record
TN:
SF:src\types\scouting-report.ts
FNF:0
FNH:0
LF:0
LH:0
BRF:0
BRH:0
end_of_record
